This is pdfTeX, Version 3.141592653-2.6-1.40.26 (MiKTeX 24.4) (preloaded format=pdflatex 2024.12.28)  18 JAN 2025 22:18
entering extended mode
 restricted \write18 enabled.
 %&-line parsing enabled.
**./imp.tex
(imp.tex
LaTeX2e <2024-11-01> patch level 1
L3 programming layer <2024-11-02>
(C:\Users\Dell\AppData\Local\Programs\MiKTeX\tex/latex/base\book.cls
Document Class: book 2024/06/29 v1.4n Standard LaTeX document class
(C:\Users\Dell\AppData\Local\Programs\MiKTeX\tex/latex/base\bk12.clo
File: bk12.clo 2024/06/29 v1.4n Standard LaTeX file (size option)
)
\c@part=\count196
\c@chapter=\count197
\c@section=\count198
\c@subsection=\count199
\c@subsubsection=\count266
\c@paragraph=\count267
\c@subparagraph=\count268
\c@figure=\count269
\c@table=\count270
\abovecaptionskip=\skip49
\belowcaptionskip=\skip50
\bibindent=\dimen141
)
(C:\Users\Dell\AppData\Local\Programs\MiKTeX\tex/latex/amsmath\amsmath.sty
Package: amsmath 2024/11/05 v2.17t AMS math features
\@mathmargin=\skip51

For additional information on amsmath, use the `?' option.
(C:\Users\Dell\AppData\Local\Programs\MiKTeX\tex/latex/amsmath\amstext.sty
Package: amstext 2021/08/26 v2.01 AMS text

(C:\Users\Dell\AppData\Local\Programs\MiKTeX\tex/latex/amsmath\amsgen.sty
File: amsgen.sty 1999/11/30 v2.0 generic functions
\@emptytoks=\toks17
\ex@=\dimen142
))
(C:\Users\Dell\AppData\Local\Programs\MiKTeX\tex/latex/amsmath\amsbsy.sty
Package: amsbsy 1999/11/29 v1.2d Bold Symbols
\pmbraise@=\dimen143
)
(C:\Users\Dell\AppData\Local\Programs\MiKTeX\tex/latex/amsmath\amsopn.sty
Package: amsopn 2022/04/08 v2.04 operator names
)
\inf@bad=\count271
LaTeX Info: Redefining \frac on input line 233.
\uproot@=\count272
\leftroot@=\count273
LaTeX Info: Redefining \overline on input line 398.
LaTeX Info: Redefining \colon on input line 409.
\classnum@=\count274
\DOTSCASE@=\count275
LaTeX Info: Redefining \ldots on input line 495.
LaTeX Info: Redefining \dots on input line 498.
LaTeX Info: Redefining \cdots on input line 619.
\Mathstrutbox@=\box52
\strutbox@=\box53
LaTeX Info: Redefining \big on input line 721.
LaTeX Info: Redefining \Big on input line 722.
LaTeX Info: Redefining \bigg on input line 723.
LaTeX Info: Redefining \Bigg on input line 724.
\big@size=\dimen144
LaTeX Font Info:    Redeclaring font encoding OML on input line 742.
LaTeX Font Info:    Redeclaring font encoding OMS on input line 743.
\macc@depth=\count276
LaTeX Info: Redefining \bmod on input line 904.
LaTeX Info: Redefining \pmod on input line 909.
LaTeX Info: Redefining \smash on input line 939.
LaTeX Info: Redefining \relbar on input line 969.
LaTeX Info: Redefining \Relbar on input line 970.
\c@MaxMatrixCols=\count277
\dotsspace@=\muskip17
\c@parentequation=\count278
\dspbrk@lvl=\count279
\tag@help=\toks18
\row@=\count280
\column@=\count281
\maxfields@=\count282
\andhelp@=\toks19
\eqnshift@=\dimen145
\alignsep@=\dimen146
\tagshift@=\dimen147
\tagwidth@=\dimen148
\totwidth@=\dimen149
\lineht@=\dimen150
\@envbody=\toks20
\multlinegap=\skip52
\multlinetaggap=\skip53
\mathdisplay@stack=\toks21
LaTeX Info: Redefining \[ on input line 2953.
LaTeX Info: Redefining \] on input line 2954.
)
(C:\Users\Dell\AppData\Local\Programs\MiKTeX\tex/latex/tools\longtable.sty
Package: longtable 2024-10-27 v4.22 Multi-page Table package (DPC)
\LTleft=\skip54
\LTright=\skip55
\LTpre=\skip56
\LTpost=\skip57
\LTchunksize=\count283
\LTcapwidth=\dimen151
\LT@head=\box54
\LT@firsthead=\box55
\LT@foot=\box56
\LT@lastfoot=\box57
\LT@gbox=\box58
\LT@cols=\count284
\LT@rows=\count285
\c@LT@tables=\count286
\c@LT@chunks=\count287
\LT@p@ftn=\toks22
)
(C:\Users\Dell\AppData\Local\Programs\MiKTeX\tex/latex/fncychap\fncychap.sty
Package: fncychap 2007/07/30 v1.34 LaTeX package (Revised chapters)
\RW=\skip58
\mylen=\skip59
\myhi=\skip60
\px=\skip61
\py=\skip62
\pyy=\skip63
\pxx=\skip64
)
(C:\Users\Dell\AppData\Local\Programs\MiKTeX\tex/latex/tocloft\tocloft.sty
Package: tocloft 2017/08/31 v2.3i parameterised ToC, etc., typesetting
Package tocloft Info: The document has chapter divisions on input line 51.
\cftparskip=\skip65
\cftbeforetoctitleskip=\skip66
\cftaftertoctitleskip=\skip67
\cftbeforepartskip=\skip68
\cftpartnumwidth=\skip69
\cftpartindent=\skip70
\cftbeforechapskip=\skip71
\cftchapindent=\skip72
\cftchapnumwidth=\skip73
\cftbeforesecskip=\skip74
\cftsecindent=\skip75
\cftsecnumwidth=\skip76
\cftbeforesubsecskip=\skip77
\cftsubsecindent=\skip78
\cftsubsecnumwidth=\skip79
\cftbeforesubsubsecskip=\skip80
\cftsubsubsecindent=\skip81
\cftsubsubsecnumwidth=\skip82
\cftbeforeparaskip=\skip83
\cftparaindent=\skip84
\cftparanumwidth=\skip85
\cftbeforesubparaskip=\skip86
\cftsubparaindent=\skip87
\cftsubparanumwidth=\skip88
\cftbeforeloftitleskip=\skip89
\cftafterloftitleskip=\skip90
\cftbeforefigskip=\skip91
\cftfigindent=\skip92
\cftfignumwidth=\skip93
\c@lofdepth=\count288
\c@lotdepth=\count289
\cftbeforelottitleskip=\skip94
\cftafterlottitleskip=\skip95
\cftbeforetabskip=\skip96
\cfttabindent=\skip97
\cfttabnumwidth=\skip98
)
(C:\Users\Dell\AppData\Local\Programs\MiKTeX\tex/latex/wrapfig\wrapfig.sty
\wrapoverhang=\dimen152
\WF@size=\dimen153
\c@WF@wrappedlines=\count290
\WF@box=\box59
\WF@everypar=\toks23
Package: wrapfig 2003/01/31  v 3.6
)
(C:\Users\Dell\AppData\Local\Programs\MiKTeX\tex/latex/ulem\ulem.sty
\UL@box=\box60
\UL@hyphenbox=\box61
\UL@skip=\skip99
\UL@hook=\toks24
\UL@height=\dimen154
\UL@pe=\count291
\UL@pixel=\dimen155
\ULC@box=\box62
Package: ulem 2019/11/18
\ULdepth=\dimen156
)
(C:\Users\Dell\AppData\Local\Programs\MiKTeX\tex/latex/tools\multicol.sty
Package: multicol 2024/09/14 v1.9i multicolumn formatting (FMi)
\c@tracingmulticols=\count292
\mult@box=\box63
\multicol@leftmargin=\dimen157
\c@unbalance=\count293
\c@collectmore=\count294
\doublecol@number=\count295
\multicoltolerance=\count296
\multicolpretolerance=\count297
\full@width=\dimen158
\page@free=\dimen159
\premulticols=\dimen160
\postmulticols=\dimen161
\multicolsep=\skip100
\multicolbaselineskip=\skip101
\partial@page=\box64
\last@line=\box65
\mc@boxedresult=\box66
\maxbalancingoverflow=\dimen162
\mult@rightbox=\box67
\mult@grightbox=\box68
\mult@firstbox=\box69
\mult@gfirstbox=\box70
\@tempa=\box71
\@tempa=\box72
\@tempa=\box73
\@tempa=\box74
\@tempa=\box75
\@tempa=\box76
\@tempa=\box77
\@tempa=\box78
\@tempa=\box79
\@tempa=\box80
\@tempa=\box81
\@tempa=\box82
\@tempa=\box83
\@tempa=\box84
\@tempa=\box85
\@tempa=\box86
\@tempa=\box87
\@tempa=\box88
\@tempa=\box89
\@tempa=\box90
\@tempa=\box91
\@tempa=\box92
\@tempa=\box93
\@tempa=\box94
\@tempa=\box95
\@tempa=\box96
\@tempa=\box97
\@tempa=\box98
\@tempa=\box99
\@tempa=\box100
\@tempa=\box101
\@tempa=\box102
\@tempa=\box103
\@tempa=\box104
\@tempa=\box105
\@tempa=\box106
\c@minrows=\count298
\c@columnbadness=\count299
\c@finalcolumnbadness=\count300
\last@try=\dimen163
\multicolovershoot=\dimen164
\multicolundershoot=\dimen165
\mult@nat@firstbox=\box107
\colbreak@box=\box108
\mc@col@check@num=\count301
)
(C:\Users\Dell\AppData\Local\Programs\MiKTeX\tex/latex/marginnote\marginnote.st
y
Package: marginnote 2018/08/09 1.4b non floating margin notes for LaTeX
\c@mn@abspage=\count302
) (C:\Users\Dell\AppData\Local\Programs\MiKTeX\tex/latex/enumitem\enumitem.sty
Package: enumitem 2019/06/20 v3.9 Customized lists
\enitkv@toks@=\toks25
\labelindent=\skip102
\enit@outerparindent=\dimen166
\enit@toks=\toks26
\enit@inbox=\box109
\enit@count@id=\count303
\enitdp@description=\count304
)
(C:\Users\Dell\AppData\Local\Programs\MiKTeX\tex/latex/microtype\microtype.sty
Package: microtype 2024/12/12 v3.2 Micro-typographical refinements (RS)

(C:\Users\Dell\AppData\Local\Programs\MiKTeX\tex/latex/graphics\keyval.sty
Package: keyval 2022/05/29 v1.15 key=value parser (DPC)
\KV@toks@=\toks27
)
(C:\Users\Dell\AppData\Local\Programs\MiKTeX\tex/latex/etoolbox\etoolbox.sty
Package: etoolbox 2020/10/05 v2.5k e-TeX tools for LaTeX (JAW)
\etb@tempcnta=\count305
)
\MT@toks=\toks28
\MT@tempbox=\box110
\MT@count=\count306
LaTeX Info: Redefining \noprotrusionifhmode on input line 1075.
LaTeX Info: Redefining \leftprotrusion on input line 1076.
\MT@prot@toks=\toks29
LaTeX Info: Redefining \rightprotrusion on input line 1095.
LaTeX Info: Redefining \textls on input line 1437.
\MT@outer@kern=\dimen167
LaTeX Info: Redefining \microtypecontext on input line 2041.
LaTeX Info: Redefining \textmicrotypecontext on input line 2058.
\MT@listname@count=\count307

(C:\Users\Dell\AppData\Local\Programs\MiKTeX\tex/latex/microtype\microtype-pdft
ex.def
File: microtype-pdftex.def 2024/12/12 v3.2 Definitions specific to pdftex (RS)
LaTeX Info: Redefining \lsstyle on input line 944.
LaTeX Info: Redefining \lslig on input line 944.
\MT@outer@space=\skip103
)
Package microtype Info: Loading configuration file microtype.cfg.

(C:\Users\Dell\AppData\Local\Programs\MiKTeX\tex/latex/microtype\microtype.cfg
File: microtype.cfg 2024/12/12 v3.2 microtype main configuration file (RS)
)
LaTeX Info: Redefining \microtypesetup on input line 3053.
) (C:\Users\Dell\AppData\Local\Programs\MiKTeX\tex/latex/kpfonts\kpfonts.sty
Package: kpfonts  2024/10/27 v3.36

(C:\Users\Dell\AppData\Local\Programs\MiKTeX\tex/generic/iftex\iftex.sty
Package: iftex 2024/12/12 v1.0g TeX engine tests
)
\c@mv@rm=\count308
\c@mv@boldrm=\count309
\c@mv@sf=\count310
\c@mv@boldsf=\count311
LaTeX Font Info:    Redeclaring symbol font `operators' on input line 377.
LaTeX Font Info:    Overwriting symbol font `operators' in version `normal'
(Font)                  OT1/cmr/m/n --> OT1/jkposn/m/n on input line 377.
LaTeX Font Info:    Overwriting symbol font `operators' in version `bold'
(Font)                  OT1/cmr/bx/n --> OT1/jkposn/m/n on input line 377.
LaTeX Font Info:    Overwriting symbol font `operators' in version `rm'
(Font)                  OT1/cmr/m/n --> OT1/jkposn/m/n on input line 377.
LaTeX Font Info:    Overwriting symbol font `operators' in version `boldrm'
(Font)                  OT1/cmr/m/n --> OT1/jkposn/m/n on input line 377.
LaTeX Font Info:    Overwriting symbol font `operators' in version `sf'
(Font)                  OT1/cmr/m/n --> OT1/jkposn/m/n on input line 377.
LaTeX Font Info:    Overwriting symbol font `operators' in version `boldsf'
(Font)                  OT1/cmr/m/n --> OT1/jkposn/m/n on input line 377.
LaTeX Font Info:    Overwriting symbol font `operators' in version `bold'
(Font)                  OT1/jkposn/m/n --> OT1/jkposn/b/n on input line 378.
LaTeX Font Info:    Overwriting symbol font `operators' in version `rm'
(Font)                  OT1/jkposn/m/n --> OT1/jkposn/m/n on input line 380.
LaTeX Font Info:    Overwriting symbol font `operators' in version `boldrm'
(Font)                  OT1/jkposn/m/n --> OT1/jkposn/b/n on input line 381.
LaTeX Font Info:    Overwriting symbol font `operators' in version `sf'
(Font)                  OT1/jkposn/m/n --> OT1/jkpssosn/m/n on input line 382.
LaTeX Font Info:    Overwriting symbol font `operators' in version `boldsf'
(Font)                  OT1/jkposn/m/n --> OT1/jkpssosn/b/n on input line 383.
LaTeX Font Info:    Redeclaring math alphabet \mathrm on input line 387.
LaTeX Font Info:    Overwriting math alphabet `\mathrm' in version `bold'
(Font)                  OT1/jkposn/m/n --> OT1/jkposn/b/n on input line 388.
LaTeX Font Info:    Overwriting math alphabet `\mathrm' in version `rm'
(Font)                  OT1/jkposn/m/n --> OT1/jkposn/m/n on input line 389.
LaTeX Font Info:    Overwriting math alphabet `\mathrm' in version `boldrm'
(Font)                  OT1/jkposn/m/n --> OT1/jkposn/b/n on input line 390.
LaTeX Font Info:    Overwriting math alphabet `\mathrm' in version `sf'
(Font)                  OT1/jkposn/m/n --> OT1/jkposn/m/n on input line 391.
LaTeX Font Info:    Overwriting math alphabet `\mathrm' in version `boldsf'
(Font)                  OT1/jkposn/m/n --> OT1/jkposn/b/n on input line 392.
LaTeX Font Info:    Redeclaring math alphabet \mathbf on input line 401.
LaTeX Font Info:    Overwriting math alphabet `\mathbf' in version `normal'
(Font)                  OT1/cmr/bx/n --> OT1/jkposn/b/n on input line 401.
LaTeX Font Info:    Overwriting math alphabet `\mathbf' in version `bold'
(Font)                  OT1/cmr/bx/n --> OT1/jkposn/b/n on input line 401.
LaTeX Font Info:    Overwriting math alphabet `\mathbf' in version `rm'
(Font)                  OT1/cmr/bx/n --> OT1/jkposn/b/n on input line 401.
LaTeX Font Info:    Overwriting math alphabet `\mathbf' in version `boldrm'
(Font)                  OT1/cmr/bx/n --> OT1/jkposn/b/n on input line 401.
LaTeX Font Info:    Overwriting math alphabet `\mathbf' in version `sf'
(Font)                  OT1/cmr/bx/n --> OT1/jkposn/b/n on input line 401.
LaTeX Font Info:    Overwriting math alphabet `\mathbf' in version `boldsf'
(Font)                  OT1/cmr/bx/n --> OT1/jkposn/b/n on input line 401.
LaTeX Font Info:    Overwriting math alphabet `\mathbf' in version `bold'
(Font)                  OT1/jkposn/b/n --> OT1/jkposn/b/n on input line 402.
LaTeX Font Info:    Overwriting math alphabet `\mathbf' in version `rm'
(Font)                  OT1/jkposn/b/n --> OT1/jkposn/b/n on input line 404.
LaTeX Font Info:    Overwriting math alphabet `\mathbf' in version `boldrm'
(Font)                  OT1/jkposn/b/n --> OT1/jkposn/b/n on input line 405.
LaTeX Font Info:    Overwriting math alphabet `\mathbf' in version `sf'
(Font)                  OT1/jkposn/b/n --> OT1/jkpssosn/b/n on input line 406.
LaTeX Font Info:    Overwriting math alphabet `\mathbf' in version `boldsf'
(Font)                  OT1/jkposn/b/n --> OT1/jkpssosn/b/n on input line 407.
LaTeX Font Info:    Redeclaring math alphabet \mathit on input line 413.
LaTeX Font Info:    Overwriting math alphabet `\mathit' in version `normal'
(Font)                  OT1/cmr/m/it --> OT1/jkposn/m/it on input line 413.
LaTeX Font Info:    Overwriting math alphabet `\mathit' in version `bold'
(Font)                  OT1/cmr/bx/it --> OT1/jkposn/m/it on input line 413.
LaTeX Font Info:    Overwriting math alphabet `\mathit' in version `rm'
(Font)                  OT1/cmr/m/it --> OT1/jkposn/m/it on input line 413.
LaTeX Font Info:    Overwriting math alphabet `\mathit' in version `boldrm'
(Font)                  OT1/cmr/m/it --> OT1/jkposn/m/it on input line 413.
LaTeX Font Info:    Overwriting math alphabet `\mathit' in version `sf'
(Font)                  OT1/cmr/m/it --> OT1/jkposn/m/it on input line 413.
LaTeX Font Info:    Overwriting math alphabet `\mathit' in version `boldsf'
(Font)                  OT1/cmr/m/it --> OT1/jkposn/m/it on input line 413.
LaTeX Font Info:    Overwriting math alphabet `\mathit' in version `bold'
(Font)                  OT1/jkposn/m/it --> OT1/jkposn/b/it on input line 414.
LaTeX Font Info:    Overwriting math alphabet `\mathit' in version `rm'
(Font)                  OT1/jkposn/m/it --> OT1/jkposn/m/it on input line 416.
LaTeX Font Info:    Overwriting math alphabet `\mathit' in version `boldrm'
(Font)                  OT1/jkposn/m/it --> OT1/jkposn/b/it on input line 417.
LaTeX Font Info:    Overwriting math alphabet `\mathit' in version `sf'
(Font)                  OT1/jkposn/m/it --> OT1/jkpssosn/m/it on input line 418
.
LaTeX Font Info:    Overwriting math alphabet `\mathit' in version `boldsf'
(Font)                  OT1/jkposn/m/it --> OT1/jkpssosn/b/it on input line 419
.
LaTeX Font Info:    Redeclaring math alphabet \mathsf on input line 424.
LaTeX Font Info:    Overwriting math alphabet `\mathsf' in version `normal'
(Font)                  OT1/cmss/m/n --> OT1/jkpssosn/m/n on input line 424.
LaTeX Font Info:    Overwriting math alphabet `\mathsf' in version `bold'
(Font)                  OT1/cmss/bx/n --> OT1/jkpssosn/m/n on input line 424.
LaTeX Font Info:    Overwriting math alphabet `\mathsf' in version `rm'
(Font)                  OT1/cmss/m/n --> OT1/jkpssosn/m/n on input line 424.
LaTeX Font Info:    Overwriting math alphabet `\mathsf' in version `boldrm'
(Font)                  OT1/cmss/m/n --> OT1/jkpssosn/m/n on input line 424.
LaTeX Font Info:    Overwriting math alphabet `\mathsf' in version `sf'
(Font)                  OT1/cmss/m/n --> OT1/jkpssosn/m/n on input line 424.
LaTeX Font Info:    Overwriting math alphabet `\mathsf' in version `boldsf'
(Font)                  OT1/cmss/m/n --> OT1/jkpssosn/m/n on input line 424.
LaTeX Font Info:    Overwriting math alphabet `\mathsf' in version `bold'
(Font)                  OT1/jkpssosn/m/n --> OT1/jkpssosn/b/n on input line 425
.
LaTeX Font Info:    Overwriting math alphabet `\mathsf' in version `rm'
(Font)                  OT1/jkpssosn/m/n --> OT1/jkpssosn/m/n on input line 426
.
LaTeX Font Info:    Overwriting math alphabet `\mathsf' in version `boldrm'
(Font)                  OT1/jkpssosn/m/n --> OT1/jkpssosn/b/n on input line 427
.
LaTeX Font Info:    Overwriting math alphabet `\mathsf' in version `sf'
(Font)                  OT1/jkpssosn/m/n --> OT1/jkpssosn/m/n on input line 428
.
LaTeX Font Info:    Overwriting math alphabet `\mathsf' in version `boldsf'
(Font)                  OT1/jkpssosn/m/n --> OT1/jkpssosn/b/n on input line 429
.
LaTeX Font Info:    Redeclaring math alphabet \mathtt on input line 433.
LaTeX Font Info:    Overwriting math alphabet `\mathtt' in version `normal'
(Font)                  OT1/cmtt/m/n --> OT1/jkpttosn/m/n on input line 433.
LaTeX Font Info:    Overwriting math alphabet `\mathtt' in version `bold'
(Font)                  OT1/cmtt/m/n --> OT1/jkpttosn/m/n on input line 433.
LaTeX Font Info:    Overwriting math alphabet `\mathtt' in version `rm'
(Font)                  OT1/cmtt/m/n --> OT1/jkpttosn/m/n on input line 433.
LaTeX Font Info:    Overwriting math alphabet `\mathtt' in version `boldrm'
(Font)                  OT1/cmtt/m/n --> OT1/jkpttosn/m/n on input line 433.
LaTeX Font Info:    Overwriting math alphabet `\mathtt' in version `sf'
(Font)                  OT1/cmtt/m/n --> OT1/jkpttosn/m/n on input line 433.
LaTeX Font Info:    Overwriting math alphabet `\mathtt' in version `boldsf'
(Font)                  OT1/cmtt/m/n --> OT1/jkpttosn/m/n on input line 433.
LaTeX Font Info:    Overwriting math alphabet `\mathtt' in version `bold'
(Font)                  OT1/jkpttosn/m/n --> OT1/jkpttosn/b/n on input line 434
.
LaTeX Font Info:    Overwriting math alphabet `\mathtt' in version `rm'
(Font)                  OT1/jkpttosn/m/n --> OT1/jkpttosn/m/n on input line 435
.
LaTeX Font Info:    Overwriting math alphabet `\mathtt' in version `boldrm'
(Font)                  OT1/jkpttosn/m/n --> OT1/jkpttosn/b/n on input line 436
.
LaTeX Font Info:    Overwriting math alphabet `\mathtt' in version `sf'
(Font)                  OT1/jkpttosn/m/n --> OT1/jkpttosn/m/n on input line 437
.
LaTeX Font Info:    Overwriting math alphabet `\mathtt' in version `boldsf'
(Font)                  OT1/jkpttosn/m/n --> OT1/jkpttosn/b/n on input line 438
.
LaTeX Font Info:    Redeclaring symbol font `letters' on input line 446.
LaTeX Font Info:    Overwriting symbol font `letters' in version `normal'
(Font)                  OML/cmm/m/it --> OML/jkp/m/it on input line 446.
LaTeX Font Info:    Overwriting symbol font `letters' in version `bold'
(Font)                  OML/cmm/b/it --> OML/jkp/m/it on input line 446.
LaTeX Font Info:    Overwriting symbol font `letters' in version `rm'
(Font)                  OML/cmm/m/it --> OML/jkp/m/it on input line 446.
LaTeX Font Info:    Overwriting symbol font `letters' in version `boldrm'
(Font)                  OML/cmm/m/it --> OML/jkp/m/it on input line 446.
LaTeX Font Info:    Overwriting symbol font `letters' in version `sf'
(Font)                  OML/cmm/m/it --> OML/jkp/m/it on input line 446.
LaTeX Font Info:    Overwriting symbol font `letters' in version `boldsf'
(Font)                  OML/cmm/m/it --> OML/jkp/m/it on input line 446.
LaTeX Font Info:    Overwriting symbol font `letters' in version `bold'
(Font)                  OML/jkp/m/it --> OML/jkp/bx/it on input line 447.
LaTeX Font Info:    Overwriting symbol font `letters' in version `rm'
(Font)                  OML/jkp/m/it --> OML/jkp/m/it on input line 449.
LaTeX Font Info:    Overwriting symbol font `letters' in version `boldrm'
(Font)                  OML/jkp/m/it --> OML/jkp/bx/it on input line 450.
LaTeX Font Info:    Overwriting symbol font `letters' in version `sf'
(Font)                  OML/jkp/m/it --> OML/jkpss/m/it on input line 451.
LaTeX Font Info:    Overwriting symbol font `letters' in version `boldsf'
(Font)                  OML/jkp/m/it --> OML/jkpss/bx/it on input line 452.
\symlettersA=\mathgroup4
LaTeX Font Info:    Overwriting symbol font `lettersA' in version `bold'
(Font)                  U/jkpmia/m/it --> U/jkpmia/bx/it on input line 462.
LaTeX Font Info:    Overwriting symbol font `lettersA' in version `rm'
(Font)                  U/jkpmia/m/it --> U/jkpmia/m/it on input line 464.
LaTeX Font Info:    Overwriting symbol font `lettersA' in version `boldrm'
(Font)                  U/jkpmia/m/it --> U/jkpmia/bx/it on input line 465.
LaTeX Font Info:    Overwriting symbol font `lettersA' in version `sf'
(Font)                  U/jkpmia/m/it --> U/jkpssmia/m/it on input line 466.
LaTeX Font Info:    Overwriting symbol font `lettersA' in version `boldsf'
(Font)                  U/jkpmia/m/it --> U/jkpssmia/bx/it on input line 467.
LaTeX Font Info:    Redeclaring symbol font `symbols' on input line 479.
LaTeX Font Info:    Overwriting symbol font `symbols' in version `normal'
(Font)                  OMS/cmsy/m/n --> OMS/jkp/m/n on input line 479.
LaTeX Font Info:    Overwriting symbol font `symbols' in version `bold'
(Font)                  OMS/cmsy/b/n --> OMS/jkp/m/n on input line 479.
LaTeX Font Info:    Overwriting symbol font `symbols' in version `rm'
(Font)                  OMS/cmsy/m/n --> OMS/jkp/m/n on input line 479.
LaTeX Font Info:    Overwriting symbol font `symbols' in version `boldrm'
(Font)                  OMS/cmsy/m/n --> OMS/jkp/m/n on input line 479.
LaTeX Font Info:    Overwriting symbol font `symbols' in version `sf'
(Font)                  OMS/cmsy/m/n --> OMS/jkp/m/n on input line 479.
LaTeX Font Info:    Overwriting symbol font `symbols' in version `boldsf'
(Font)                  OMS/cmsy/m/n --> OMS/jkp/m/n on input line 479.
LaTeX Font Info:    Overwriting symbol font `symbols' in version `bold'
(Font)                  OMS/jkp/m/n --> OMS/jkp/bx/n on input line 480.
LaTeX Font Info:    Overwriting symbol font `symbols' in version `rm'
(Font)                  OMS/jkp/m/n --> OMS/jkp/m/n on input line 482.
LaTeX Font Info:    Overwriting symbol font `symbols' in version `boldrm'
(Font)                  OMS/jkp/m/n --> OMS/jkp/bx/n on input line 483.
LaTeX Font Info:    Overwriting symbol font `symbols' in version `sf'
(Font)                  OMS/jkp/m/n --> OMS/jkp/m/n on input line 484.
LaTeX Font Info:    Overwriting symbol font `symbols' in version `boldsf'
(Font)                  OMS/jkp/m/n --> OMS/jkp/bx/n on input line 485.
\symAMSa=\mathgroup5
LaTeX Font Info:    Overwriting symbol font `AMSa' in version `bold'
(Font)                  U/jkpsya/m/n --> U/jkpsya/bx/n on input line 499.
LaTeX Font Info:    Overwriting symbol font `AMSa' in version `rm'
(Font)                  U/jkpsya/m/n --> U/jkpsya/m/n on input line 500.
LaTeX Font Info:    Overwriting symbol font `AMSa' in version `boldrm'
(Font)                  U/jkpsya/m/n --> U/jkpsya/bx/n on input line 501.
LaTeX Font Info:    Overwriting symbol font `AMSa' in version `sf'
(Font)                  U/jkpsya/m/n --> U/jkpsya/m/n on input line 502.
LaTeX Font Info:    Overwriting symbol font `AMSa' in version `boldsf'
(Font)                  U/jkpsya/m/n --> U/jkpsya/bx/n on input line 503.
\symAMSb=\mathgroup6
LaTeX Font Info:    Overwriting symbol font `AMSb' in version `bold'
(Font)                  U/jkpsyb/m/n --> U/jkpsyb/bx/n on input line 552.
LaTeX Font Info:    Overwriting symbol font `AMSb' in version `rm'
(Font)                  U/jkpsyb/m/n --> U/jkpsyb/m/n on input line 553.
LaTeX Font Info:    Overwriting symbol font `AMSb' in version `boldrm'
(Font)                  U/jkpsyb/m/n --> U/jkpsyb/bx/n on input line 554.
LaTeX Font Info:    Overwriting symbol font `AMSb' in version `sf'
(Font)                  U/jkpsyb/m/n --> U/jkpsssyb/m/n on input line 555.
LaTeX Font Info:    Overwriting symbol font `AMSb' in version `boldsf'
(Font)                  U/jkpsyb/m/n --> U/jkpsssyb/bx/n on input line 556.
\symsymbolsC=\mathgroup7
LaTeX Font Info:    Overwriting symbol font `symbolsC' in version `bold'
(Font)                  U/jkpsyc/m/n --> U/jkpsyc/bx/n on input line 572.
LaTeX Font Info:    Overwriting symbol font `symbolsC' in version `rm'
(Font)                  U/jkpsyc/m/n --> U/jkpsyc/m/n on input line 574.
LaTeX Font Info:    Overwriting symbol font `symbolsC' in version `boldrm'
(Font)                  U/jkpsyc/m/n --> U/jkpsyc/bx/n on input line 575.
LaTeX Font Info:    Overwriting symbol font `symbolsC' in version `sf'
(Font)                  U/jkpsyc/m/n --> U/jkpsyc/m/n on input line 576.
LaTeX Font Info:    Overwriting symbol font `symbolsC' in version `boldsf'
(Font)                  U/jkpsyc/m/n --> U/jkpsyc/bx/n on input line 577.
LaTeX Font Info:    Overwriting math alphabet `\mathscr' in version `bold'
(Font)                  U/jkpsyd/m/n --> U/jkpsyd/bx/n on input line 606.
LaTeX Font Info:    Overwriting math alphabet `\mathscr' in version `rm'
(Font)                  U/jkpsyd/m/n --> U/jkpsyd/m/n on input line 608.
LaTeX Font Info:    Overwriting math alphabet `\mathscr' in version `boldrm'
(Font)                  U/jkpsyd/m/n --> U/jkpsyd/bx/n on input line 609.
LaTeX Font Info:    Overwriting math alphabet `\mathscr' in version `sf'
(Font)                  U/jkpsyd/m/n --> U/jkpsyd/m/n on input line 610.
LaTeX Font Info:    Overwriting math alphabet `\mathscr' in version `boldsf'
(Font)                  U/jkpsyd/m/n --> U/jkpsyd/bx/n on input line 611.
LaTeX Font Info:    Redeclaring symbol font `largesymbols' on input line 621.
LaTeX Font Info:    Overwriting symbol font `largesymbols' in version `normal'
(Font)                  OMX/cmex/m/n --> OMX/jkp/m/n on input line 621.
LaTeX Font Info:    Overwriting symbol font `largesymbols' in version `bold'
(Font)                  OMX/cmex/m/n --> OMX/jkp/m/n on input line 621.
LaTeX Font Info:    Overwriting symbol font `largesymbols' in version `rm'
(Font)                  OMX/cmex/m/n --> OMX/jkp/m/n on input line 621.
LaTeX Font Info:    Overwriting symbol font `largesymbols' in version `boldrm'
(Font)                  OMX/cmex/m/n --> OMX/jkp/m/n on input line 621.
LaTeX Font Info:    Overwriting symbol font `largesymbols' in version `sf'
(Font)                  OMX/cmex/m/n --> OMX/jkp/m/n on input line 621.
LaTeX Font Info:    Overwriting symbol font `largesymbols' in version `boldsf'
(Font)                  OMX/cmex/m/n --> OMX/jkp/m/n on input line 621.
LaTeX Font Info:    Overwriting symbol font `largesymbols' in version `bold'
(Font)                  OMX/jkp/m/n --> OMX/jkp/bx/n on input line 622.
LaTeX Font Info:    Overwriting symbol font `largesymbols' in version `rm'
(Font)                  OMX/jkp/m/n --> OMX/jkp/m/n on input line 624.
LaTeX Font Info:    Overwriting symbol font `largesymbols' in version `boldrm'
(Font)                  OMX/jkp/m/n --> OMX/jkp/bx/n on input line 625.
LaTeX Font Info:    Overwriting symbol font `largesymbols' in version `sf'
(Font)                  OMX/jkp/m/n --> OMX/jkpss/m/n on input line 626.
LaTeX Font Info:    Overwriting symbol font `largesymbols' in version `boldsf'
(Font)                  OMX/jkp/m/n --> OMX/jkpss/bx/n on input line 627.
\symlargesymbolsA=\mathgroup8
LaTeX Font Info:    Overwriting symbol font `largesymbolsA' in version `bold'
(Font)                  U/jkpexa/m/n --> U/jkpexa/bx/n on input line 638.
LaTeX Font Info:    Overwriting symbol font `largesymbolsA' in version `rm'
(Font)                  U/jkpexa/m/n --> U/jkpexa/m/n on input line 640.
LaTeX Font Info:    Overwriting symbol font `largesymbolsA' in version `boldrm'

(Font)                  U/jkpexa/m/n --> U/jkpexa/bx/n on input line 641.
LaTeX Font Info:    Overwriting symbol font `largesymbolsA' in version `sf'
(Font)                  U/jkpexa/m/n --> U/jkpexa/m/n on input line 642.
LaTeX Font Info:    Overwriting symbol font `largesymbolsA' in version `boldsf'

(Font)                  U/jkpexa/m/n --> U/jkpexa/bx/n on input line 643.
LaTeX Font Info:    Redeclaring math symbol \hbar on input line 963.
LaTeX Info: Redefining \not on input line 1603.
)
(C:\Users\Dell\AppData\Local\Programs\MiKTeX\tex/latex/hanging\hanging.sty
Package: hanging 2009/09/02 v1.2b hanging paragraphs and punctuation
\h@ngcommawd=\skip104
\h@ngfstopwd=\skip105
\h@ngquotewd=\skip106
\h@ngdquotewd=\skip107
\h@ngquerywd=\skip108
\h@ngexclwd=\skip109
\h@ngcolonwd=\skip110
\h@ngscolonwd=\skip111
)
(C:\Users\Dell\AppData\Local\Programs\MiKTeX\tex/latex/pgf/frontendlayer\tikz.s
ty
(C:\Users\Dell\AppData\Local\Programs\MiKTeX\tex/latex/pgf/basiclayer\pgf.sty
(C:\Users\Dell\AppData\Local\Programs\MiKTeX\tex/latex/pgf/utilities\pgfrcs.sty

(C:\Users\Dell\AppData\Local\Programs\MiKTeX\tex/generic/pgf/utilities\pgfutil-
common.tex
\pgfutil@everybye=\toks30
\pgfutil@tempdima=\dimen168
\pgfutil@tempdimb=\dimen169
)
(C:\Users\Dell\AppData\Local\Programs\MiKTeX\tex/generic/pgf/utilities\pgfutil-
latex.def
\pgfutil@abb=\box111
)
(C:\Users\Dell\AppData\Local\Programs\MiKTeX\tex/generic/pgf/utilities\pgfrcs.c
ode.tex
(C:\Users\Dell\AppData\Local\Programs\MiKTeX\tex/generic/pgf\pgf.revision.tex)
Package: pgfrcs 2023-01-15 v3.1.10 (3.1.10)
))
Package: pgf 2023-01-15 v3.1.10 (3.1.10)

(C:\Users\Dell\AppData\Local\Programs\MiKTeX\tex/latex/pgf/basiclayer\pgfcore.s
ty (C:\Users\Dell\AppData\Local\Programs\MiKTeX\tex/latex/graphics\graphicx.sty
Package: graphicx 2021/09/16 v1.2d Enhanced LaTeX Graphics (DPC,SPQR)
(C:\Users\Dell\AppData\Local\Programs\MiKTeX\tex/latex/graphics\graphics.sty
Package: graphics 2024/08/06 v1.4g Standard LaTeX Graphics (DPC,SPQR)

(C:\Users\Dell\AppData\Local\Programs\MiKTeX\tex/latex/graphics\trig.sty
Package: trig 2023/12/02 v1.11 sin cos tan (DPC)
)
(C:\Users\Dell\AppData\Local\Programs\MiKTeX\tex/latex/graphics-cfg\graphics.cf
g
File: graphics.cfg 2016/06/04 v1.11 sample graphics configuration
)
Package graphics Info: Driver file: pdftex.def on input line 106.

(C:\Users\Dell\AppData\Local\Programs\MiKTeX\tex/latex/graphics-def\pdftex.def
File: pdftex.def 2024/04/13 v1.2c Graphics/color driver for pdftex
))
\Gin@req@height=\dimen170
\Gin@req@width=\dimen171
)
(C:\Users\Dell\AppData\Local\Programs\MiKTeX\tex/latex/pgf/systemlayer\pgfsys.s
ty
(C:\Users\Dell\AppData\Local\Programs\MiKTeX\tex/generic/pgf/systemlayer\pgfsys
.code.tex
Package: pgfsys 2023-01-15 v3.1.10 (3.1.10)

(C:\Users\Dell\AppData\Local\Programs\MiKTeX\tex/generic/pgf/utilities\pgfkeys.
code.tex
\pgfkeys@pathtoks=\toks31
\pgfkeys@temptoks=\toks32

(C:\Users\Dell\AppData\Local\Programs\MiKTeX\tex/generic/pgf/utilities\pgfkeysl
ibraryfiltered.code.tex
\pgfkeys@tmptoks=\toks33
))
\pgf@x=\dimen172
\pgf@y=\dimen173
\pgf@xa=\dimen174
\pgf@ya=\dimen175
\pgf@xb=\dimen176
\pgf@yb=\dimen177
\pgf@xc=\dimen178
\pgf@yc=\dimen179
\pgf@xd=\dimen180
\pgf@yd=\dimen181
\w@pgf@writea=\write3
\r@pgf@reada=\read2
\c@pgf@counta=\count312
\c@pgf@countb=\count313
\c@pgf@countc=\count314
\c@pgf@countd=\count315
\t@pgf@toka=\toks34
\t@pgf@tokb=\toks35
\t@pgf@tokc=\toks36
\pgf@sys@id@count=\count316

(C:\Users\Dell\AppData\Local\Programs\MiKTeX\tex/generic/pgf/systemlayer\pgf.cf
g
File: pgf.cfg 2023-01-15 v3.1.10 (3.1.10)
)
Driver file for pgf: pgfsys-pdftex.def

(C:\Users\Dell\AppData\Local\Programs\MiKTeX\tex/generic/pgf/systemlayer\pgfsys
-pdftex.def
File: pgfsys-pdftex.def 2023-01-15 v3.1.10 (3.1.10)

(C:\Users\Dell\AppData\Local\Programs\MiKTeX\tex/generic/pgf/systemlayer\pgfsys
-common-pdf.def
File: pgfsys-common-pdf.def 2023-01-15 v3.1.10 (3.1.10)
)))
(C:\Users\Dell\AppData\Local\Programs\MiKTeX\tex/generic/pgf/systemlayer\pgfsys
softpath.code.tex
File: pgfsyssoftpath.code.tex 2023-01-15 v3.1.10 (3.1.10)
\pgfsyssoftpath@smallbuffer@items=\count317
\pgfsyssoftpath@bigbuffer@items=\count318
)
(C:\Users\Dell\AppData\Local\Programs\MiKTeX\tex/generic/pgf/systemlayer\pgfsys
protocol.code.tex
File: pgfsysprotocol.code.tex 2023-01-15 v3.1.10 (3.1.10)
))
(C:\Users\Dell\AppData\Local\Programs\MiKTeX\tex/latex/xcolor\xcolor.sty
Package: xcolor 2024/09/29 v3.02 LaTeX color extensions (UK)

(C:\Users\Dell\AppData\Local\Programs\MiKTeX\tex/latex/graphics-cfg\color.cfg
File: color.cfg 2016/01/02 v1.6 sample color configuration
)
Package xcolor Info: Driver file: pdftex.def on input line 274.

(C:\Users\Dell\AppData\Local\Programs\MiKTeX\tex/latex/graphics\mathcolor.ltx)
Package xcolor Info: Model `cmy' substituted by `cmy0' on input line 1349.
Package xcolor Info: Model `hsb' substituted by `rgb' on input line 1353.
Package xcolor Info: Model `RGB' extended on input line 1365.
Package xcolor Info: Model `HTML' substituted by `rgb' on input line 1367.
Package xcolor Info: Model `Hsb' substituted by `hsb' on input line 1368.
Package xcolor Info: Model `tHsb' substituted by `hsb' on input line 1369.
Package xcolor Info: Model `HSB' substituted by `hsb' on input line 1370.
Package xcolor Info: Model `Gray' substituted by `gray' on input line 1371.
Package xcolor Info: Model `wave' substituted by `hsb' on input line 1372.
)
(C:\Users\Dell\AppData\Local\Programs\MiKTeX\tex/generic/pgf/basiclayer\pgfcore
.code.tex
Package: pgfcore 2023-01-15 v3.1.10 (3.1.10)

(C:\Users\Dell\AppData\Local\Programs\MiKTeX\tex/generic/pgf/math\pgfmath.code.
tex
(C:\Users\Dell\AppData\Local\Programs\MiKTeX\tex/generic/pgf/math\pgfmathutil.c
ode.tex)
(C:\Users\Dell\AppData\Local\Programs\MiKTeX\tex/generic/pgf/math\pgfmathparser
.code.tex
\pgfmath@dimen=\dimen182
\pgfmath@count=\count319
\pgfmath@box=\box112
\pgfmath@toks=\toks37
\pgfmath@stack@operand=\toks38
\pgfmath@stack@operation=\toks39
)
(C:\Users\Dell\AppData\Local\Programs\MiKTeX\tex/generic/pgf/math\pgfmathfuncti
ons.code.tex)
(C:\Users\Dell\AppData\Local\Programs\MiKTeX\tex/generic/pgf/math\pgfmathfuncti
ons.basic.code.tex)
(C:\Users\Dell\AppData\Local\Programs\MiKTeX\tex/generic/pgf/math\pgfmathfuncti
ons.trigonometric.code.tex)
(C:\Users\Dell\AppData\Local\Programs\MiKTeX\tex/generic/pgf/math\pgfmathfuncti
ons.random.code.tex)
(C:\Users\Dell\AppData\Local\Programs\MiKTeX\tex/generic/pgf/math\pgfmathfuncti
ons.comparison.code.tex)
(C:\Users\Dell\AppData\Local\Programs\MiKTeX\tex/generic/pgf/math\pgfmathfuncti
ons.base.code.tex)
(C:\Users\Dell\AppData\Local\Programs\MiKTeX\tex/generic/pgf/math\pgfmathfuncti
ons.round.code.tex)
(C:\Users\Dell\AppData\Local\Programs\MiKTeX\tex/generic/pgf/math\pgfmathfuncti
ons.misc.code.tex)
(C:\Users\Dell\AppData\Local\Programs\MiKTeX\tex/generic/pgf/math\pgfmathfuncti
ons.integerarithmetics.code.tex)
(C:\Users\Dell\AppData\Local\Programs\MiKTeX\tex/generic/pgf/math\pgfmathcalc.c
ode.tex)
(C:\Users\Dell\AppData\Local\Programs\MiKTeX\tex/generic/pgf/math\pgfmathfloat.
code.tex
\c@pgfmathroundto@lastzeros=\count320
))
(C:\Users\Dell\AppData\Local\Programs\MiKTeX\tex/generic/pgf/math\pgfint.code.t
ex)
(C:\Users\Dell\AppData\Local\Programs\MiKTeX\tex/generic/pgf/basiclayer\pgfcore
points.code.tex
File: pgfcorepoints.code.tex 2023-01-15 v3.1.10 (3.1.10)
\pgf@picminx=\dimen183
\pgf@picmaxx=\dimen184
\pgf@picminy=\dimen185
\pgf@picmaxy=\dimen186
\pgf@pathminx=\dimen187
\pgf@pathmaxx=\dimen188
\pgf@pathminy=\dimen189
\pgf@pathmaxy=\dimen190
\pgf@xx=\dimen191
\pgf@xy=\dimen192
\pgf@yx=\dimen193
\pgf@yy=\dimen194
\pgf@zx=\dimen195
\pgf@zy=\dimen196
)
(C:\Users\Dell\AppData\Local\Programs\MiKTeX\tex/generic/pgf/basiclayer\pgfcore
pathconstruct.code.tex
File: pgfcorepathconstruct.code.tex 2023-01-15 v3.1.10 (3.1.10)
\pgf@path@lastx=\dimen197
\pgf@path@lasty=\dimen198
)
(C:\Users\Dell\AppData\Local\Programs\MiKTeX\tex/generic/pgf/basiclayer\pgfcore
pathusage.code.tex
File: pgfcorepathusage.code.tex 2023-01-15 v3.1.10 (3.1.10)
\pgf@shorten@end@additional=\dimen199
\pgf@shorten@start@additional=\dimen256
)
(C:\Users\Dell\AppData\Local\Programs\MiKTeX\tex/generic/pgf/basiclayer\pgfcore
scopes.code.tex
File: pgfcorescopes.code.tex 2023-01-15 v3.1.10 (3.1.10)
\pgfpic=\box113
\pgf@hbox=\box114
\pgf@layerbox@main=\box115
\pgf@picture@serial@count=\count321
)
(C:\Users\Dell\AppData\Local\Programs\MiKTeX\tex/generic/pgf/basiclayer\pgfcore
graphicstate.code.tex
File: pgfcoregraphicstate.code.tex 2023-01-15 v3.1.10 (3.1.10)
\pgflinewidth=\dimen257
)
(C:\Users\Dell\AppData\Local\Programs\MiKTeX\tex/generic/pgf/basiclayer\pgfcore
transformations.code.tex
File: pgfcoretransformations.code.tex 2023-01-15 v3.1.10 (3.1.10)
\pgf@pt@x=\dimen258
\pgf@pt@y=\dimen259
\pgf@pt@temp=\dimen260
)
(C:\Users\Dell\AppData\Local\Programs\MiKTeX\tex/generic/pgf/basiclayer\pgfcore
quick.code.tex
File: pgfcorequick.code.tex 2023-01-15 v3.1.10 (3.1.10)
)
(C:\Users\Dell\AppData\Local\Programs\MiKTeX\tex/generic/pgf/basiclayer\pgfcore
objects.code.tex
File: pgfcoreobjects.code.tex 2023-01-15 v3.1.10 (3.1.10)
)
(C:\Users\Dell\AppData\Local\Programs\MiKTeX\tex/generic/pgf/basiclayer\pgfcore
pathprocessing.code.tex
File: pgfcorepathprocessing.code.tex 2023-01-15 v3.1.10 (3.1.10)
)
(C:\Users\Dell\AppData\Local\Programs\MiKTeX\tex/generic/pgf/basiclayer\pgfcore
arrows.code.tex
File: pgfcorearrows.code.tex 2023-01-15 v3.1.10 (3.1.10)
\pgfarrowsep=\dimen261
)
(C:\Users\Dell\AppData\Local\Programs\MiKTeX\tex/generic/pgf/basiclayer\pgfcore
shade.code.tex
File: pgfcoreshade.code.tex 2023-01-15 v3.1.10 (3.1.10)
\pgf@max=\dimen262
\pgf@sys@shading@range@num=\count322
\pgf@shadingcount=\count323
)
(C:\Users\Dell\AppData\Local\Programs\MiKTeX\tex/generic/pgf/basiclayer\pgfcore
image.code.tex
File: pgfcoreimage.code.tex 2023-01-15 v3.1.10 (3.1.10)
)
(C:\Users\Dell\AppData\Local\Programs\MiKTeX\tex/generic/pgf/basiclayer\pgfcore
external.code.tex
File: pgfcoreexternal.code.tex 2023-01-15 v3.1.10 (3.1.10)
\pgfexternal@startupbox=\box116
)
(C:\Users\Dell\AppData\Local\Programs\MiKTeX\tex/generic/pgf/basiclayer\pgfcore
layers.code.tex
File: pgfcorelayers.code.tex 2023-01-15 v3.1.10 (3.1.10)
)
(C:\Users\Dell\AppData\Local\Programs\MiKTeX\tex/generic/pgf/basiclayer\pgfcore
transparency.code.tex
File: pgfcoretransparency.code.tex 2023-01-15 v3.1.10 (3.1.10)
)
(C:\Users\Dell\AppData\Local\Programs\MiKTeX\tex/generic/pgf/basiclayer\pgfcore
patterns.code.tex
File: pgfcorepatterns.code.tex 2023-01-15 v3.1.10 (3.1.10)
)
(C:\Users\Dell\AppData\Local\Programs\MiKTeX\tex/generic/pgf/basiclayer\pgfcore
rdf.code.tex
File: pgfcorerdf.code.tex 2023-01-15 v3.1.10 (3.1.10)
)))
(C:\Users\Dell\AppData\Local\Programs\MiKTeX\tex/generic/pgf/modules\pgfmodules
hapes.code.tex
File: pgfmoduleshapes.code.tex 2023-01-15 v3.1.10 (3.1.10)
\pgfnodeparttextbox=\box117
)
(C:\Users\Dell\AppData\Local\Programs\MiKTeX\tex/generic/pgf/modules\pgfmodulep
lot.code.tex
File: pgfmoduleplot.code.tex 2023-01-15 v3.1.10 (3.1.10)
)
(C:\Users\Dell\AppData\Local\Programs\MiKTeX\tex/latex/pgf/compatibility\pgfcom
p-version-0-65.sty
Package: pgfcomp-version-0-65 2023-01-15 v3.1.10 (3.1.10)
\pgf@nodesepstart=\dimen263
\pgf@nodesepend=\dimen264
)
(C:\Users\Dell\AppData\Local\Programs\MiKTeX\tex/latex/pgf/compatibility\pgfcom
p-version-1-18.sty
Package: pgfcomp-version-1-18 2023-01-15 v3.1.10 (3.1.10)
))
(C:\Users\Dell\AppData\Local\Programs\MiKTeX\tex/latex/pgf/utilities\pgffor.sty

(C:\Users\Dell\AppData\Local\Programs\MiKTeX\tex/latex/pgf/utilities\pgfkeys.st
y
(C:\Users\Dell\AppData\Local\Programs\MiKTeX\tex/generic/pgf/utilities\pgfkeys.
code.tex))
(C:\Users\Dell\AppData\Local\Programs\MiKTeX\tex/latex/pgf/math\pgfmath.sty
(C:\Users\Dell\AppData\Local\Programs\MiKTeX\tex/generic/pgf/math\pgfmath.code.
tex))
(C:\Users\Dell\AppData\Local\Programs\MiKTeX\tex/generic/pgf/utilities\pgffor.c
ode.tex
Package: pgffor 2023-01-15 v3.1.10 (3.1.10)
\pgffor@iter=\dimen265
\pgffor@skip=\dimen266
\pgffor@stack=\toks40
\pgffor@toks=\toks41
))
(C:\Users\Dell\AppData\Local\Programs\MiKTeX\tex/generic/pgf/frontendlayer/tikz
\tikz.code.tex
Package: tikz 2023-01-15 v3.1.10 (3.1.10)

(C:\Users\Dell\AppData\Local\Programs\MiKTeX\tex/generic/pgf/libraries\pgflibra
ryplothandlers.code.tex
File: pgflibraryplothandlers.code.tex 2023-01-15 v3.1.10 (3.1.10)
\pgf@plot@mark@count=\count324
\pgfplotmarksize=\dimen267
)
\tikz@lastx=\dimen268
\tikz@lasty=\dimen269
\tikz@lastxsaved=\dimen270
\tikz@lastysaved=\dimen271
\tikz@lastmovetox=\dimen272
\tikz@lastmovetoy=\dimen273
\tikzleveldistance=\dimen274
\tikzsiblingdistance=\dimen275
\tikz@figbox=\box118
\tikz@figbox@bg=\box119
\tikz@tempbox=\box120
\tikz@tempbox@bg=\box121
\tikztreelevel=\count325
\tikznumberofchildren=\count326
\tikznumberofcurrentchild=\count327
\tikz@fig@count=\count328

(C:\Users\Dell\AppData\Local\Programs\MiKTeX\tex/generic/pgf/modules\pgfmodulem
atrix.code.tex
File: pgfmodulematrix.code.tex 2023-01-15 v3.1.10 (3.1.10)
\pgfmatrixcurrentrow=\count329
\pgfmatrixcurrentcolumn=\count330
\pgf@matrix@numberofcolumns=\count331
)
\tikz@expandcount=\count332

(C:\Users\Dell\AppData\Local\Programs\MiKTeX\tex/generic/pgf/frontendlayer/tikz
/libraries\tikzlibrarytopaths.code.tex
File: tikzlibrarytopaths.code.tex 2023-01-15 v3.1.10 (3.1.10)
)))
(C:\Users\Dell\AppData\Local\Programs\MiKTeX\tex/latex/ncctools\tocenter.sty
Package: tocenter 2004/12/09 v1.1 Centering Page Layout (NCC)
)
(C:\Users\Dell\AppData\Local\Programs\MiKTeX\tex/latex/hyperref\hyperref.sty
Package: hyperref 2024-11-05 v7.01l Hypertext links for LaTeX

(C:\Users\Dell\AppData\Local\Programs\MiKTeX\tex/latex/kvsetkeys\kvsetkeys.sty
Package: kvsetkeys 2022-10-05 v1.19 Key value parser (HO)
)
(C:\Users\Dell\AppData\Local\Programs\MiKTeX\tex/generic/kvdefinekeys\kvdefinek
eys.sty
Package: kvdefinekeys 2019-12-19 v1.6 Define keys (HO)
)
(C:\Users\Dell\AppData\Local\Programs\MiKTeX\tex/generic/pdfescape\pdfescape.st
y
Package: pdfescape 2019/12/09 v1.15 Implements pdfTeX's escape features (HO)
 (C:\Users\Dell\AppData\Local\Programs\MiKTeX\tex/generic/ltxcmds\ltxcmds.sty
Package: ltxcmds 2023-12-04 v1.26 LaTeX kernel commands for general use (HO)
)
(C:\Users\Dell\AppData\Local\Programs\MiKTeX\tex/generic/pdftexcmds\pdftexcmds.
sty
Package: pdftexcmds 2020-06-27 v0.33 Utility functions of pdfTeX for LuaTeX (HO
)

(C:\Users\Dell\AppData\Local\Programs\MiKTeX\tex/generic/infwarerr\infwarerr.st
y
Package: infwarerr 2019/12/03 v1.5 Providing info/warning/error messages (HO)
)
Package pdftexcmds Info: \pdf@primitive is available.
Package pdftexcmds Info: \pdf@ifprimitive is available.
Package pdftexcmds Info: \pdfdraftmode found.
)) (C:\Users\Dell\AppData\Local\Programs\MiKTeX\tex/latex/hycolor\hycolor.sty
Package: hycolor 2020-01-27 v1.10 Color options for hyperref/bookmark (HO)
) (C:\Users\Dell\AppData\Local\Programs\MiKTeX\tex/latex/hyperref\nameref.sty
Package: nameref 2023-11-26 v2.56 Cross-referencing by name of section

(C:\Users\Dell\AppData\Local\Programs\MiKTeX\tex/latex/refcount\refcount.sty
Package: refcount 2019/12/15 v3.6 Data extraction from label references (HO)
)
(C:\Users\Dell\AppData\Local\Programs\MiKTeX\tex/generic/gettitlestring\gettitl
estring.sty
Package: gettitlestring 2019/12/15 v1.6 Cleanup title references (HO)

(C:\Users\Dell\AppData\Local\Programs\MiKTeX\tex/latex/kvoptions\kvoptions.sty
Package: kvoptions 2022-06-15 v3.15 Key value format for package options (HO)
))
\c@section@level=\count333
)
(C:\Users\Dell\AppData\Local\Programs\MiKTeX\tex/generic/stringenc\stringenc.st
y
Package: stringenc 2019/11/29 v1.12 Convert strings between diff. encodings (HO
)
)
\@linkdim=\dimen276
\Hy@linkcounter=\count334
\Hy@pagecounter=\count335
 (C:\Users\Dell\AppData\Local\Programs\MiKTeX\tex/latex/hyperref\pd1enc.def
File: pd1enc.def 2024-11-05 v7.01l Hyperref: PDFDocEncoding definition (HO)
Now handling font encoding PD1 ...
... no UTF-8 mapping file for font encoding PD1
)
(C:\Users\Dell\AppData\Local\Programs\MiKTeX\tex/generic/intcalc\intcalc.sty
Package: intcalc 2019/12/15 v1.3 Expandable calculations with integers (HO)
)
\Hy@SavedSpaceFactor=\count336

(C:\Users\Dell\AppData\Local\Programs\MiKTeX\tex/latex/hyperref\puenc.def
File: puenc.def 2024-11-05 v7.01l Hyperref: PDF Unicode definition (HO)
Now handling font encoding PU ...
... no UTF-8 mapping file for font encoding PU
)

! Package keyval Error: hyperref undefined.

See the keyval package documentation for explanation.
Type  H <return>  for immediate help.
 ...                                              
                                                  
l.4040 \ProcessKeyvalOptions{Hyp}
                                 
Try typing  <return>  to proceed.
If that doesn't work, type  X <return>  to quit.

Package hyperref Info: Option `hyperfootnotes' set `false' on input line 4040.
Package hyperref Info: Hyper figures OFF on input line 4157.
Package hyperref Info: Link nesting OFF on input line 4162.
Package hyperref Info: Hyper index ON on input line 4165.
Package hyperref Info: Plain pages OFF on input line 4172.
Package hyperref Info: Backreferencing OFF on input line 4177.
Package hyperref Info: Implicit mode ON; LaTeX internals redefined.
Package hyperref Info: Bookmarks ON on input line 4424.
\c@Hy@tempcnt=\count337
(C:\Users\Dell\AppData\Local\Programs\MiKTeX\tex/latex/url\url.sty
\Urlmuskip=\muskip18
Package: url 2013/09/16  ver 3.4  Verb mode for urls, etc.
)
LaTeX Info: Redefining \url on input line 4763.
\XeTeXLinkMargin=\dimen277

(C:\Users\Dell\AppData\Local\Programs\MiKTeX\tex/generic/bitset\bitset.sty
Package: bitset 2019/12/09 v1.3 Handle bit-vector datatype (HO)

(C:\Users\Dell\AppData\Local\Programs\MiKTeX\tex/generic/bigintcalc\bigintcalc.
sty
Package: bigintcalc 2019/12/15 v1.5 Expandable calculations on big integers (HO
)
))
\Fld@menulength=\count338
\Field@Width=\dimen278
\Fld@charsize=\dimen279
Package hyperref Info: Hyper figures OFF on input line 6042.
Package hyperref Info: Link nesting OFF on input line 6047.
Package hyperref Info: Hyper index ON on input line 6050.
Package hyperref Info: backreferencing OFF on input line 6057.
Package hyperref Info: Link coloring OFF on input line 6062.
Package hyperref Info: Link coloring with OCG OFF on input line 6067.
Package hyperref Info: PDF/A mode OFF on input line 6072.

(C:\Users\Dell\AppData\Local\Programs\MiKTeX\tex/latex/base\atbegshi-ltx.sty
Package: atbegshi-ltx 2021/01/10 v1.0c Emulation of the original atbegshi
package with kernel methods
)
\Hy@abspage=\count339
\c@Item=\count340
)
Package hyperref Info: Driver (autodetected): hpdftex.

(C:\Users\Dell\AppData\Local\Programs\MiKTeX\tex/latex/hyperref\hpdftex.def
File: hpdftex.def 2024-11-05 v7.01l Hyperref driver for pdfTeX

(C:\Users\Dell\AppData\Local\Programs\MiKTeX\tex/latex/base\atveryend-ltx.sty
Package: atveryend-ltx 2020/08/19 v1.0a Emulation of the original atveryend pac
kage
with kernel methods
)
\Fld@listcount=\count341
\c@bookmark@seq@number=\count342

(C:\Users\Dell\AppData\Local\Programs\MiKTeX\tex/latex/rerunfilecheck\rerunfile
check.sty
Package: rerunfilecheck 2022-07-10 v1.10 Rerun checks for auxiliary files (HO)

(C:\Users\Dell\AppData\Local\Programs\MiKTeX\tex/generic/uniquecounter\uniqueco
unter.sty
Package: uniquecounter 2019/12/15 v1.4 Provide unlimited unique counter (HO)
)
Package uniquecounter Info: New unique counter `rerunfilecheck' on input line 2
85.
)
\Hy@SectionHShift=\skip112
)
Package hyperref Info: Option `colorlinks' set `true' on input line 63.
Package hyperref Info: Option `bookmarksnumbered' set `true' on input line 63.
\titlepagetop=\skip113
\titlepageby=\skip114
\titlepagemiddle=\skip115
 (imp-core.tex
(C:\Users\Dell\AppData\Local\Programs\MiKTeX\tex/latex/ccicons\ccicons.sty
Package: ccicons 2017/10/30 v1.6 LaTeX support for Creative Commons icons

(C:\Users\Dell\AppData\Local\Programs\MiKTeX\tex/latex/xkeyval\xkeyval.sty
Package: xkeyval 2022/06/16 v2.9 package option processing (HA)

(C:\Users\Dell\AppData\Local\Programs\MiKTeX\tex/generic/xkeyval\xkeyval.tex
(C:\Users\Dell\AppData\Local\Programs\MiKTeX\tex/generic/xkeyval\xkvutils.tex
\XKV@toks=\toks42
\XKV@tempa@toks=\toks43
)
\XKV@depth=\count343
File: xkeyval.tex 2014/12/03 v2.7a key=value parser (HA)
)))
LaTeX Font Info:    Trying to load font information for OT1+jkposn on input lin
e 23.
 (C:\Users\Dell\AppData\Local\Programs\MiKTeX\tex/latex/kpfonts\ot1jkposn.fd
File: ot1jkposn.fd 2008/02/18 Fontinst v1.928 font definitions for OT1/jkposn.
)
(C:\Users\Dell\AppData\Local\Programs\MiKTeX\tex/latex/l3backend\l3backend-pdft
ex.def
File: l3backend-pdftex.def 2024-05-08 L3 backend support: PDF output (pdfTeX)
\l__color_backend_stack_int=\count344
\l__pdf_internal_box=\box122
)
No file imp.aux.
\openout1 = `imp.aux'.

LaTeX Font Info:    Checking defaults for OML/jkp/m/it on input line 23.
LaTeX Font Info:    Trying to load font information for OML+jkp on input line 2
3.
(C:\Users\Dell\AppData\Local\Programs\MiKTeX\tex/latex/kpfonts\omljkp.fd
File: omljkp.fd 2006/08/15 v1.0
)
LaTeX Font Info:    ... okay on input line 23.
LaTeX Font Info:    Checking defaults for OMS/jkp/m/n on input line 23.
LaTeX Font Info:    Trying to load font information for OMS+jkp on input line 2
3.

(C:\Users\Dell\AppData\Local\Programs\MiKTeX\tex/latex/kpfonts\omsjkp.fd
File: omsjkp.fd 2006/08/15 v1.0
)
LaTeX Font Info:    ... okay on input line 23.
LaTeX Font Info:    Checking defaults for OT1/cmr/m/n on input line 23.
LaTeX Font Info:    ... okay on input line 23.
LaTeX Font Info:    Checking defaults for T1/cmr/m/n on input line 23.
LaTeX Font Info:    ... okay on input line 23.
LaTeX Font Info:    Checking defaults for TS1/cmr/m/n on input line 23.
LaTeX Font Info:    ... okay on input line 23.
LaTeX Font Info:    Checking defaults for OMX/jkp/m/n on input line 23.
LaTeX Font Info:    Trying to load font information for OMX+jkp on input line 2
3.

(C:\Users\Dell\AppData\Local\Programs\MiKTeX\tex/latex/kpfonts\omxjkp.fd
File: omxjkp.fd 2006/08/15 v1.0
)
LaTeX Font Info:    ... okay on input line 23.
LaTeX Font Info:    Checking defaults for U/jkpexa/m/n on input line 23.
LaTeX Font Info:    Trying to load font information for U+jkpexa on input line 
23.

(C:\Users\Dell\AppData\Local\Programs\MiKTeX\tex/latex/kpfonts\ujkpexa.fd
File: ujkpexa.fd 2006/08/15 v1.0
)
LaTeX Font Info:    ... okay on input line 23.
LaTeX Font Info:    Checking defaults for PD1/pdf/m/n on input line 23.
LaTeX Font Info:    ... okay on input line 23.
LaTeX Font Info:    Checking defaults for PU/pdf/m/n on input line 23.
LaTeX Font Info:    ... okay on input line 23.
LaTeX Info: Redefining \microtypecontext on input line 23.
Package microtype Info: Applying patch `item' on input line 23.
Package microtype Info: Applying patch `toc' on input line 23.
Package microtype Info: Applying patch `eqnum' on input line 23.
Package microtype Info: Applying patch `footnote' on input line 23.
Package microtype Info: Applying patch `verbatim' on input line 23.
LaTeX Info: Redefining \microtypesetup on input line 23.
Package microtype Info: Generating PDF output.
Package microtype Info: Character protrusion enabled (level 2).
Package microtype Info: Using default protrusion set `alltext'.
Package microtype Info: Automatic font expansion enabled (level 2),
(microtype)             stretch: 20, shrink: 20, step: 1, non-selected.
Package microtype Info: Using default expansion set `alltext-nott'.
LaTeX Info: Redefining \showhyphens on input line 23.
Package microtype Info: No adjustment of tracking.
Package microtype Info: No adjustment of interword spacing.
Package microtype Info: No adjustment of character kerning.
Package microtype Info: Loading generic protrusion settings for font family
(microtype)             `jkposn' (encoding: OT1).
(microtype)             For optimal results, create family-specific settings.
(microtype)             See the microtype manual for details.

(C:\Users\Dell\AppData\Local\Programs\MiKTeX\tex/context/base/mkii\supp-pdf.mki
i
[Loading MPS to PDF converter (version 2006.09.02).]
\scratchcounter=\count345
\scratchdimen=\dimen280
\scratchbox=\box123
\nofMPsegments=\count346
\nofMParguments=\count347
\everyMPshowfont=\toks44
\MPscratchCnt=\count348
\MPscratchDim=\dimen281
\MPnumerator=\count349
\makeMPintoPDFobject=\count350
\everyMPtoPDFconversion=\toks45
)
(C:\Users\Dell\AppData\Local\Programs\MiKTeX\tex/latex/epstopdf-pkg\epstopdf-ba
se.sty
Package: epstopdf-base 2020-01-24 v2.11 Base part for package epstopdf
Package epstopdf-base Info: Redefining graphics rule for `.eps' on input line 4
85.

(C:\Users\Dell\AppData\Local\Programs\MiKTeX\tex/latex/00miktex\epstopdf-sys.cf
g
File: epstopdf-sys.cfg 2021/03/18 v2.0 Configuration of epstopdf for MiKTeX
))
Package hyperref Info: Link coloring ON on input line 23.
\@outlinefile=\write4
\openout4 = `imp.out'.

LaTeX Font Info:    Trying to load font information for U+jkpmia on input line 
59.
 (C:\Users\Dell\AppData\Local\Programs\MiKTeX\tex/latex/kpfonts\ujkpmia.fd
File: ujkpmia.fd 2006/08/15 v1.0
)
LaTeX Font Info:    Trying to load font information for U+jkpsya on input line 
59.

(C:\Users\Dell\AppData\Local\Programs\MiKTeX\tex/latex/kpfonts\ujkpsya.fd
File: ujkpsya.fd 2006/08/15 v1.0
)
LaTeX Font Info:    Trying to load font information for U+jkpsyb on input line 
59.

(C:\Users\Dell\AppData\Local\Programs\MiKTeX\tex/latex/kpfonts\ujkpsyb.fd
File: ujkpsyb.fd 2006/08/15 v1.0
)
LaTeX Font Info:    Trying to load font information for U+jkpsyc on input line 
59.

(C:\Users\Dell\AppData\Local\Programs\MiKTeX\tex/latex/kpfonts\ujkpsyc.fd
File: ujkpsyc.fd 2006/08/15 v1.0
)
\dustjacketspace=\skip116


[1


{C:/Users/Dell/AppData/Local/MiKTeX/fonts/map/pdftex/pdftex.map}{C:/Users/Dell/
AppData/Local/Programs/MiKTeX/fonts/enc/dvips/base/8r.enc}]

[2

]
No file imp.toc.
\tf@toc=\write5
\openout5 = `imp.toc'.



[3


]
Package marginnote Info: right page because not two side mode on input line 155
.
Package marginnote Info: xpos seems to be \@mn@currxpos  on input line 155.
Package marginnote Info: right page because not two side mode on input line 155
.
Package marginnote Info: xpos seems to be \@mn@currxpos  on input line 155.


[4


{C:/Users/Dell/AppData/Local/Programs/MiKTeX/fonts/enc/dvips/kpfonts/kpfonts-ex
pert.enc}]

[5]
Package marginnote Info: right page because not two side mode on input line 160
.
Package marginnote Info: xpos seems to be \@mn@currxpos  on input line 160.


[6


]
Chapter I.
Package marginnote Info: right page because not two side mode on input line 220
.
Package marginnote Info: xpos seems to be \@mn@currxpos  on input line 220.
Package marginnote Info: right page because not two side mode on input line 220
.
Package marginnote Info: xpos seems to be \@mn@currxpos  on input line 220.


[1


]
Package marginnote Info: right page because not two side mode on input line 256
.
Package marginnote Info: xpos seems to be \@mn@currxpos  on input line 256.


[2]
Package marginnote Info: right page because not two side mode on input line 300
.
Package marginnote Info: xpos seems to be \@mn@currxpos  on input line 300.


[3]
Package marginnote Info: right page because not two side mode on input line 342
.
Package marginnote Info: xpos seems to be \@mn@currxpos  on input line 342.
Package marginnote Info: right page because not two side mode on input line 363
.
Package marginnote Info: xpos seems to be \@mn@currxpos  on input line 363.


[4]
Package marginnote Info: right page because not two side mode on input line 407
.
Package marginnote Info: xpos seems to be \@mn@currxpos  on input line 407.


[5]
Package marginnote Info: right page because not two side mode on input line 448
.
Package marginnote Info: xpos seems to be \@mn@currxpos  on input line 448.


[6]
Package marginnote Info: right page because not two side mode on input line 493
.
Package marginnote Info: xpos seems to be \@mn@currxpos  on input line 493.


[7]
Package marginnote Info: right page because not two side mode on input line 544
.
Package marginnote Info: xpos seems to be \@mn@currxpos  on input line 544.


[8]
Chapter II.
Package marginnote Info: right page because not two side mode on input line 563
.
Package marginnote Info: xpos seems to be \@mn@currxpos  on input line 563.
Package marginnote Info: right page because not two side mode on input line 584
.
Package marginnote Info: xpos seems to be \@mn@currxpos  on input line 584.


[9

]
Package marginnote Info: right page because not two side mode on input line 625
.
Package marginnote Info: xpos seems to be \@mn@currxpos  on input line 625.


[10]
Package marginnote Info: right page because not two side mode on input line 679
.
Package marginnote Info: xpos seems to be \@mn@currxpos  on input line 679.
Package marginnote Info: right page because not two side mode on input line 709
.
Package marginnote Info: xpos seems to be \@mn@currxpos  on input line 709.


[11]
Package marginnote Info: right page because not two side mode on input line 784
.
Package marginnote Info: xpos seems to be \@mn@currxpos  on input line 784.


[12]
Package marginnote Info: right page because not two side mode on input line 861
.
Package marginnote Info: xpos seems to be \@mn@currxpos  on input line 861.
Package marginnote Info: right page because not two side mode on input line 861
.
Package marginnote Info: xpos seems to be \@mn@currxpos  on input line 861.


[13]

[14]
Package marginnote Info: right page because not two side mode on input line 897
.
Package marginnote Info: xpos seems to be \@mn@currxpos  on input line 897.


[15]
Chapter III.
Package marginnote Info: right page because not two side mode on input line 942
.
Package marginnote Info: xpos seems to be \@mn@currxpos  on input line 942.
Package marginnote Info: right page because not two side mode on input line 971
.
Package marginnote Info: xpos seems to be \@mn@currxpos  on input line 971.


[16

]
Package marginnote Info: right page because not two side mode on input line 100
9.
Package marginnote Info: xpos seems to be \@mn@currxpos  on input line 1009.


[17]
Package marginnote Info: right page because not two side mode on input line 105
6.
Package marginnote Info: xpos seems to be \@mn@currxpos  on input line 1056.


[18]
Package marginnote Info: right page because not two side mode on input line 111
0.
Package marginnote Info: xpos seems to be \@mn@currxpos  on input line 1110.
Package marginnote Info: right page because not two side mode on input line 116
6.
Package marginnote Info: xpos seems to be \@mn@currxpos  on input line 1166.


[19]
Package marginnote Info: right page because not two side mode on input line 121
9.
Package marginnote Info: xpos seems to be \@mn@currxpos  on input line 1219.


[20]
Package marginnote Info: right page because not two side mode on input line 125
9.
Package marginnote Info: xpos seems to be \@mn@currxpos  on input line 1259.


[21]
Package marginnote Info: right page because not two side mode on input line 131
9.
Package marginnote Info: xpos seems to be \@mn@currxpos  on input line 1319.


[22]
Chapter IV.
Package marginnote Info: right page because not two side mode on input line 133
3.
Package marginnote Info: xpos seems to be \@mn@currxpos  on input line 1333.
Package marginnote Info: right page because not two side mode on input line 139
8.
Package marginnote Info: xpos seems to be \@mn@currxpos  on input line 1398.


[23

]
Package marginnote Info: right page because not two side mode on input line 139
8.
Package marginnote Info: xpos seems to be \@mn@currxpos  on input line 1398.


[24]
Package marginnote Info: right page because not two side mode on input line 147
0.
Package marginnote Info: xpos seems to be \@mn@currxpos  on input line 1470.


[25]
Package marginnote Info: right page because not two side mode on input line 153
2.
Package marginnote Info: xpos seems to be \@mn@currxpos  on input line 1532.
Package marginnote Info: right page because not two side mode on input line 158
8.
Package marginnote Info: xpos seems to be \@mn@currxpos  on input line 1588.


[26]
Package marginnote Info: right page because not two side mode on input line 164
6.
Package marginnote Info: xpos seems to be \@mn@currxpos  on input line 1646.


[27]
Package marginnote Info: right page because not two side mode on input line 170
7.
Package marginnote Info: xpos seems to be \@mn@currxpos  on input line 1707.
Package marginnote Info: right page because not two side mode on input line 175
3.
Package marginnote Info: xpos seems to be \@mn@currxpos  on input line 1753.


[28]
Package marginnote Info: right page because not two side mode on input line 181
0.
Package marginnote Info: xpos seems to be \@mn@currxpos  on input line 1810.


[29]
Package marginnote Info: right page because not two side mode on input line 184
8.
Package marginnote Info: xpos seems to be \@mn@currxpos  on input line 1848.
LaTeX Font Info:    Trying to load font information for TS1+jkposn on input lin
e 1848.

(C:\Users\Dell\AppData\Local\Programs\MiKTeX\tex/latex/kpfonts\ts1jkposn.fd
File: ts1jkposn.fd 2007/08/30 Fontinst v1.928 font definitions for TS1/jkposn.
)
Package microtype Info: Loading generic protrusion settings for font family
(microtype)             `jkposn' (encoding: TS1).
(microtype)             For optimal results, create family-specific settings.
(microtype)             See the microtype manual for details.

Overfull \hbox (2.84435pt too wide) in paragraph at lines 1848--1857
\OT1/jkposn/m/n/12 (-20) ``between'' is characteristic of open series---or seri
es in the strict sense---
 []



[30]
Package marginnote Info: right page because not two side mode on input line 195
3.
Package marginnote Info: xpos seems to be \@mn@currxpos  on input line 1953.


[31]
Package marginnote Info: right page because not two side mode on input line 203
7.
Package marginnote Info: xpos seems to be \@mn@currxpos  on input line 2037.


[32]
Chapter V.
Package marginnote Info: right page because not two side mode on input line 206
3.
Package marginnote Info: xpos seems to be \@mn@currxpos  on input line 2063.
Package marginnote Info: right page because not two side mode on input line 243
0.
Package marginnote Info: xpos seems to be \@mn@currxpos  on input line 2430.
Package marginnote Info: right page because not two side mode on input line 243
0.
Package marginnote Info: xpos seems to be \@mn@currxpos  on input line 2430.


[33

]
Package marginnote Info: right page because not two side mode on input line 243
0.
Package marginnote Info: xpos seems to be \@mn@currxpos  on input line 2430.


[34]

[35]
Package marginnote Info: right page because not two side mode on input line 243
0.
Package marginnote Info: xpos seems to be \@mn@currxpos  on input line 2430.
Package marginnote Info: right page because not two side mode on input line 243
0.
Package marginnote Info: xpos seems to be \@mn@currxpos  on input line 2430.
Package marginnote Info: right page because not two side mode on input line 243
0.
Package marginnote Info: xpos seems to be \@mn@currxpos  on input line 2430.
Package marginnote Info: right page because not two side mode on input line 243
0.
Package marginnote Info: xpos seems to be \@mn@currxpos  on input line 2430.


[36]

[37]

[38]
Package marginnote Info: right page because not two side mode on input line 248
4.
Package marginnote Info: xpos seems to be \@mn@currxpos  on input line 2484.


[39]
Package marginnote Info: right page because not two side mode on input line 254
9.
Package marginnote Info: xpos seems to be \@mn@currxpos  on input line 2549.


[40]
Chapter VI.
Package marginnote Info: right page because not two side mode on input line 256
5.
Package marginnote Info: xpos seems to be \@mn@currxpos  on input line 2565.
Package marginnote Info: right page because not two side mode on input line 259
3.
Package marginnote Info: xpos seems to be \@mn@currxpos  on input line 2593.


[41

]
Package marginnote Info: right page because not two side mode on input line 265
7.
Package marginnote Info: xpos seems to be \@mn@currxpos  on input line 2657.

(C:\Users\Dell\AppData\Local\Programs\MiKTeX\tex/generic/pgf/frontendlayer/tikz
/libraries\tikzlibrarycalc.code.tex
File: tikzlibrarycalc.code.tex 2023-01-15 v3.1.10 (3.1.10)
)
Missing character: There is no ; in font nullfont!
Missing character: There is no ; in font nullfont!

Overfull \hbox (6.66838pt too wide) in paragraph at lines 2657--2657
[][] 
 []



[42]
Overfull \hbox (1.47638pt too wide) in paragraph at lines 2666--2670
[]\OT1/jkposn/m/n/12 (-20) Two relations P and Q are said to be ``similar,'' or
 to have ``likeness,''
 []

Package marginnote Info: right page because not two side mode on input line 268
7.
Package marginnote Info: xpos seems to be \@mn@currxpos  on input line 2687.


[43]
Package marginnote Info: right page because not two side mode on input line 272
9.
Package marginnote Info: xpos seems to be \@mn@currxpos  on input line 2729.
Package marginnote Info: right page because not two side mode on input line 300
7.
Package marginnote Info: xpos seems to be \@mn@currxpos  on input line 3007.


[44]
Package marginnote Info: right page because not two side mode on input line 300
7.
Package marginnote Info: xpos seems to be \@mn@currxpos  on input line 3007.
Package marginnote Info: right page because not two side mode on input line 300
7.
Package marginnote Info: xpos seems to be \@mn@currxpos  on input line 3007.
Package marginnote Info: right page because not two side mode on input line 300
7.
Package marginnote Info: xpos seems to be \@mn@currxpos  on input line 3007.


[45]

[46]

[47]
Package marginnote Info: right page because not two side mode on input line 300
7.
Package marginnote Info: xpos seems to be \@mn@currxpos  on input line 3007.
Package marginnote Info: right page because not two side mode on input line 300
7.
Package marginnote Info: xpos seems to be \@mn@currxpos  on input line 3007.


[48]

[49]
Chapter VII.
Package marginnote Info: right page because not two side mode on input line 302
0.
Package marginnote Info: xpos seems to be \@mn@currxpos  on input line 3020.
Package marginnote Info: right page because not two side mode on input line 308
7.
Package marginnote Info: xpos seems to be \@mn@currxpos  on input line 3087.


[50

]
Package marginnote Info: right page because not two side mode on input line 313
0.
Package marginnote Info: xpos seems to be \@mn@currxpos  on input line 3130.


[51]
Package marginnote Info: right page because not two side mode on input line 318
0.
Package marginnote Info: xpos seems to be \@mn@currxpos  on input line 3180.


[52]
Package marginnote Info: right page because not two side mode on input line 323
8.
Package marginnote Info: xpos seems to be \@mn@currxpos  on input line 3238.
Package marginnote Info: right page because not two side mode on input line 332
0.
Package marginnote Info: xpos seems to be \@mn@currxpos  on input line 3320.
Package marginnote Info: right page because not two side mode on input line 332
0.
Package marginnote Info: xpos seems to be \@mn@currxpos  on input line 3320.


[53]

[54]
Package marginnote Info: right page because not two side mode on input line 333
6.
Package marginnote Info: xpos seems to be \@mn@currxpos  on input line 3336.


[55]
Package marginnote Info: right page because not two side mode on input line 338
9.
Package marginnote Info: xpos seems to be \@mn@currxpos  on input line 3389.
Package marginnote Info: right page because not two side mode on input line 346
2.
Package marginnote Info: xpos seems to be \@mn@currxpos  on input line 3462.


[56]
Package marginnote Info: right page because not two side mode on input line 349
9.
Package marginnote Info: xpos seems to be \@mn@currxpos  on input line 3499.


[57]
Package marginnote Info: right page because not two side mode on input line 355
1.
Package marginnote Info: xpos seems to be \@mn@currxpos  on input line 3551.
Package marginnote Info: right page because not two side mode on input line 361
0.
Package marginnote Info: xpos seems to be \@mn@currxpos  on input line 3610.


[58]
Package marginnote Info: right page because not two side mode on input line 366
1.
Package marginnote Info: xpos seems to be \@mn@currxpos  on input line 3661.


[59]

[60]

[61]
Chapter VIII.
Package marginnote Info: right page because not two side mode on input line 371
8.
Package marginnote Info: xpos seems to be \@mn@currxpos  on input line 3718.
Package marginnote Info: right page because not two side mode on input line 375
0.
Package marginnote Info: xpos seems to be \@mn@currxpos  on input line 3750.


[62

]
Package marginnote Info: right page because not two side mode on input line 379
8.
Package marginnote Info: xpos seems to be \@mn@currxpos  on input line 3798.


[63]
Package marginnote Info: right page because not two side mode on input line 383
5.
Package marginnote Info: xpos seems to be \@mn@currxpos  on input line 3835.
Package marginnote Info: right page because not two side mode on input line 388
9.
Package marginnote Info: xpos seems to be \@mn@currxpos  on input line 3889.


[64]
Package marginnote Info: right page because not two side mode on input line 393
0.
Package marginnote Info: xpos seems to be \@mn@currxpos  on input line 3930.


[65]
Package marginnote Info: right page because not two side mode on input line 397
6.
Package marginnote Info: xpos seems to be \@mn@currxpos  on input line 3976.


[66]
Package marginnote Info: right page because not two side mode on input line 403
5.
Package marginnote Info: xpos seems to be \@mn@currxpos  on input line 4035.


[67]
Package marginnote Info: right page because not two side mode on input line 407
5.
Package marginnote Info: xpos seems to be \@mn@currxpos  on input line 4075.
Package marginnote Info: right page because not two side mode on input line 413
4.
Package marginnote Info: xpos seems to be \@mn@currxpos  on input line 4134.


[68]
Package marginnote Info: right page because not two side mode on input line 428
0.
Package marginnote Info: xpos seems to be \@mn@currxpos  on input line 4280.


[69]
Package marginnote Info: right page because not two side mode on input line 435
8.
Package marginnote Info: xpos seems to be \@mn@currxpos  on input line 4358.


[70]
Underfull \hbox (badness 1122) in paragraph at lines 4367--4368
[]\OT1/jkposn/m/n/12 (+20) An \OT1/jkposn/m/it/12 (+20) in-fi-nite \OT1/jkposn/
m/n/12 (+20) class or car-di-nal is one which is \OT1/jkposn/m/it/12 (+20) not 
in-duc-tive\OT1/jkposn/m/n/12 (+20) .
 []



[71]
Chapter IX.
Package marginnote Info: right page because not two side mode on input line 437
6.
Package marginnote Info: xpos seems to be \@mn@currxpos  on input line 4376.
Package marginnote Info: right page because not two side mode on input line 440
3.
Package marginnote Info: xpos seems to be \@mn@currxpos  on input line 4403.


[72

]
Package marginnote Info: right page because not two side mode on input line 448
5.
Package marginnote Info: xpos seems to be \@mn@currxpos  on input line 4485.


[73]
Package marginnote Info: right page because not two side mode on input line 453
1.
Package marginnote Info: xpos seems to be \@mn@currxpos  on input line 4531.


[74]
Package marginnote Info: right page because not two side mode on input line 458
2.
Package marginnote Info: xpos seems to be \@mn@currxpos  on input line 4582.

Overfull \hbox (1.3646pt too wide) in paragraph at lines 4586--4596
[]\OT1/jkposn/m/n/12 (-20) An ``or-di-nal'' num-ber means the relation-number o
f a well-ordered
 []

Package marginnote Info: right page because not two side mode on input line 463
6.
Package marginnote Info: xpos seems to be \@mn@currxpos  on input line 4636.


[75]
Package marginnote Info: right page because not two side mode on input line 467
8.
Package marginnote Info: xpos seems to be \@mn@currxpos  on input line 4678.


[76]
Package marginnote Info: right page because not two side mode on input line 472
6.
Package marginnote Info: xpos seems to be \@mn@currxpos  on input line 4726.


[77]
Chapter X.
Package marginnote Info: right page because not two side mode on input line 475
8.
Package marginnote Info: xpos seems to be \@mn@currxpos  on input line 4758.
Package marginnote Info: right page because not two side mode on input line 476
6.
Package marginnote Info: xpos seems to be \@mn@currxpos  on input line 4766.


[78

]
Package marginnote Info: right page because not two side mode on input line 483
0.
Package marginnote Info: xpos seems to be \@mn@currxpos  on input line 4830.


[79

]
Package marginnote Info: right page because not two side mode on input line 488
3.
Package marginnote Info: xpos seems to be \@mn@currxpos  on input line 4883.


[80]
Package marginnote Info: right page because not two side mode on input line 493
5.
Package marginnote Info: xpos seems to be \@mn@currxpos  on input line 4935.
Package marginnote Info: right page because not two side mode on input line 496
8.
Package marginnote Info: xpos seems to be \@mn@currxpos  on input line 4968.


[81]
Package marginnote Info: right page because not two side mode on input line 503
4.
Package marginnote Info: xpos seems to be \@mn@currxpos  on input line 5034.

Overfull \hbox (0.6923pt too wide) in paragraph at lines 5034--5038
\OT1/jkposn/m/n/12 (-20) ``closed'' (\OT1/jkposn/m/it/12 (-20) abgeschloss-en\O
T1/jkposn/m/n/12 (-20) ). This, as we saw, was first defined as consisting
 []



[82]
Package marginnote Info: right page because not two side mode on input line 507
0.
Package marginnote Info: xpos seems to be \@mn@currxpos  on input line 5070.


[83]
Package marginnote Info: right page because not two side mode on input line 511
2.
Package marginnote Info: xpos seems to be \@mn@currxpos  on input line 5112.
Package marginnote Info: right page because not two side mode on input line 515
5.
Package marginnote Info: xpos seems to be \@mn@currxpos  on input line 5155.


[84]

[85]
Chapter XI.
Package marginnote Info: right page because not two side mode on input line 517
4.
Package marginnote Info: xpos seems to be \@mn@currxpos  on input line 5174.
Package marginnote Info: right page because not two side mode on input line 522
7.
Package marginnote Info: xpos seems to be \@mn@currxpos  on input line 5227.


[86

]
Package marginnote Info: right page because not two side mode on input line 526
6.
Package marginnote Info: xpos seems to be \@mn@currxpos  on input line 5266.


[87]
Package marginnote Info: right page because not two side mode on input line 531
7.
Package marginnote Info: xpos seems to be \@mn@currxpos  on input line 5317.
Package marginnote Info: right page because not two side mode on input line 538
1.
Package marginnote Info: xpos seems to be \@mn@currxpos  on input line 5381.


[88]
Package marginnote Info: right page because not two side mode on input line 543
3.
Package marginnote Info: xpos seems to be \@mn@currxpos  on input line 5433.


[89]
Package marginnote Info: right page because not two side mode on input line 549
4.
Package marginnote Info: xpos seems to be \@mn@currxpos  on input line 5494.


[90]
Package marginnote Info: right page because not two side mode on input line 556
5.
Package marginnote Info: xpos seems to be \@mn@currxpos  on input line 5565.


[91]
Package marginnote Info: right page because not two side mode on input line 561
2.
Package marginnote Info: xpos seems to be \@mn@currxpos  on input line 5612.


[92]
Package marginnote Info: right page because not two side mode on input line 566
4.
Package marginnote Info: xpos seems to be \@mn@currxpos  on input line 5664.


[93]
Chapter XII.
Package marginnote Info: right page because not two side mode on input line 570
3.
Package marginnote Info: xpos seems to be \@mn@currxpos  on input line 5703.
Package marginnote Info: right page because not two side mode on input line 573
8.
Package marginnote Info: xpos seems to be \@mn@currxpos  on input line 5738.


[94

]
Package marginnote Info: right page because not two side mode on input line 579
1.
Package marginnote Info: xpos seems to be \@mn@currxpos  on input line 5791.


[95

]
Package marginnote Info: right page because not two side mode on input line 584
7.
Package marginnote Info: xpos seems to be \@mn@currxpos  on input line 5847.


[96]
Package marginnote Info: right page because not two side mode on input line 590
9.
Package marginnote Info: xpos seems to be \@mn@currxpos  on input line 5909.


[97]
Package marginnote Info: right page because not two side mode on input line 598
1.
Package marginnote Info: xpos seems to be \@mn@currxpos  on input line 5981.
Package marginnote Info: right page because not two side mode on input line 602
5.
Package marginnote Info: xpos seems to be \@mn@currxpos  on input line 6025.


[98]
Package marginnote Info: right page because not two side mode on input line 606
8.
Package marginnote Info: xpos seems to be \@mn@currxpos  on input line 6068.
Package marginnote Info: right page because not two side mode on input line 612
5.
Package marginnote Info: xpos seems to be \@mn@currxpos  on input line 6125.


[99]

[100]
Package marginnote Info: right page because not two side mode on input line 622
5.
Package marginnote Info: xpos seems to be \@mn@currxpos  on input line 6225.
Package marginnote Info: right page because not two side mode on input line 622
5.
Package marginnote Info: xpos seems to be \@mn@currxpos  on input line 6225.


[101]
Package marginnote Info: right page because not two side mode on input line 627
6.
Package marginnote Info: xpos seems to be \@mn@currxpos  on input line 6276.


[102]
Package marginnote Info: right page because not two side mode on input line 640
4.
Package marginnote Info: xpos seems to be \@mn@currxpos  on input line 6404.
Package marginnote Info: right page because not two side mode on input line 640
4.
Package marginnote Info: xpos seems to be \@mn@currxpos  on input line 6404.


[103]

[104]

[105]
Chapter XIII.
Package marginnote Info: right page because not two side mode on input line 642
3.
Package marginnote Info: xpos seems to be \@mn@currxpos  on input line 6423.
Package marginnote Info: right page because not two side mode on input line 649
3.
Package marginnote Info: xpos seems to be \@mn@currxpos  on input line 6493.


[106

]
Package marginnote Info: right page because not two side mode on input line 653
1.
Package marginnote Info: xpos seems to be \@mn@currxpos  on input line 6531.


[107]
Package marginnote Info: right page because not two side mode on input line 659
6.
Package marginnote Info: xpos seems to be \@mn@currxpos  on input line 6596.


[108]
Package marginnote Info: right page because not two side mode on input line 663
2.
Package marginnote Info: xpos seems to be \@mn@currxpos  on input line 6632.
Package marginnote Info: right page because not two side mode on input line 667
9.
Package marginnote Info: xpos seems to be \@mn@currxpos  on input line 6679.


[109]
Package marginnote Info: right page because not two side mode on input line 672
7.
Package marginnote Info: xpos seems to be \@mn@currxpos  on input line 6727.


[110]
Package marginnote Info: right page because not two side mode on input line 678
6.
Package marginnote Info: xpos seems to be \@mn@currxpos  on input line 6786.


[111]
Package marginnote Info: right page because not two side mode on input line 688
6.
Package marginnote Info: xpos seems to be \@mn@currxpos  on input line 6886.
Package marginnote Info: right page because not two side mode on input line 688
6.
Package marginnote Info: xpos seems to be \@mn@currxpos  on input line 6886.


[112]
Package marginnote Info: right page because not two side mode on input line 691
5.
Package marginnote Info: xpos seems to be \@mn@currxpos  on input line 6915.


[113]
Package marginnote Info: right page because not two side mode on input line 696
8.
Package marginnote Info: xpos seems to be \@mn@currxpos  on input line 6968.
Package marginnote Info: right page because not two side mode on input line 699
9.
Package marginnote Info: xpos seems to be \@mn@currxpos  on input line 6999.


[114]

[115]
Chapter XIV.
Package marginnote Info: right page because not two side mode on input line 702
2.
Package marginnote Info: xpos seems to be \@mn@currxpos  on input line 7022.
Package marginnote Info: right page because not two side mode on input line 704
0.
Package marginnote Info: xpos seems to be \@mn@currxpos  on input line 7040.


[116

]
Package marginnote Info: right page because not two side mode on input line 708
8.
Package marginnote Info: xpos seems to be \@mn@currxpos  on input line 7088.


[117]
Package marginnote Info: right page because not two side mode on input line 715
7.
Package marginnote Info: xpos seems to be \@mn@currxpos  on input line 7157.


[118]
Package marginnote Info: right page because not two side mode on input line 725
0.
Package marginnote Info: xpos seems to be \@mn@currxpos  on input line 7250.


[119]
Package marginnote Info: right page because not two side mode on input line 731
1.
Package marginnote Info: xpos seems to be \@mn@currxpos  on input line 7311.
Package marginnote Info: right page because not two side mode on input line 737
1.
Package marginnote Info: xpos seems to be \@mn@currxpos  on input line 7371.


[120]
Package marginnote Info: right page because not two side mode on input line 746
3.
Package marginnote Info: xpos seems to be \@mn@currxpos  on input line 7463.


[121]
Package marginnote Info: right page because not two side mode on input line 752
7.
Package marginnote Info: xpos seems to be \@mn@currxpos  on input line 7527.


[122]
Package marginnote Info: right page because not two side mode on input line 765
5.
Package marginnote Info: xpos seems to be \@mn@currxpos  on input line 7655.
Package marginnote Info: right page because not two side mode on input line 770
5.
Package marginnote Info: xpos seems to be \@mn@currxpos  on input line 7705.


[123]

[124]
Chapter XV.
Package marginnote Info: right page because not two side mode on input line 771
7.
Package marginnote Info: xpos seems to be \@mn@currxpos  on input line 7717.
Package marginnote Info: right page because not two side mode on input line 775
4.
Package marginnote Info: xpos seems to be \@mn@currxpos  on input line 7754.


[125

]
Package marginnote Info: right page because not two side mode on input line 780
0.
Package marginnote Info: xpos seems to be \@mn@currxpos  on input line 7800.
Package marginnote Info: right page because not two side mode on input line 785
1.
Package marginnote Info: xpos seems to be \@mn@currxpos  on input line 7851.


[126]
Overfull \hbox (0.95789pt too wide) in paragraph at lines 7858--7905
[]\OT1/jkposn/m/n/12 (-20) Sentences involving such words as ``all,'' ``every,'
' ``a,'' ``the,'' ``some''
 []

Package marginnote Info: right page because not two side mode on input line 790
5.
Package marginnote Info: xpos seems to be \@mn@currxpos  on input line 7905.


[127]
Package marginnote Info: right page because not two side mode on input line 796
3.
Package marginnote Info: xpos seems to be \@mn@currxpos  on input line 7963.


[128]
Package marginnote Info: right page because not two side mode on input line 809
5.
Package marginnote Info: xpos seems to be \@mn@currxpos  on input line 8095.
Package marginnote Info: right page because not two side mode on input line 809
5.
Package marginnote Info: xpos seems to be \@mn@currxpos  on input line 8095.


[129]

[130]
Package marginnote Info: right page because not two side mode on input line 814
7.
Package marginnote Info: xpos seems to be \@mn@currxpos  on input line 8147.
Package marginnote Info: right page because not two side mode on input line 820
6.
Package marginnote Info: xpos seems to be \@mn@currxpos  on input line 8206.


[131]
Package marginnote Info: right page because not two side mode on input line 824
4.
Package marginnote Info: xpos seems to be \@mn@currxpos  on input line 8244.
Package marginnote Info: right page because not two side mode on input line 828
7.
Package marginnote Info: xpos seems to be \@mn@currxpos  on input line 8287.


[132]

[133]
Chapter XVI.
Package marginnote Info: right page because not two side mode on input line 830
4.
Package marginnote Info: xpos seems to be \@mn@currxpos  on input line 8304.
Package marginnote Info: right page because not two side mode on input line 833
0.
Package marginnote Info: xpos seems to be \@mn@currxpos  on input line 8330.


[134

]
Package marginnote Info: right page because not two side mode on input line 836
9.
Package marginnote Info: xpos seems to be \@mn@currxpos  on input line 8369.
Package marginnote Info: right page because not two side mode on input line 848
4.
Package marginnote Info: xpos seems to be \@mn@currxpos  on input line 8484.


[135]
Package marginnote Info: right page because not two side mode on input line 848
4.
Package marginnote Info: xpos seems to be \@mn@currxpos  on input line 8484.


[136]
Package marginnote Info: right page because not two side mode on input line 857
5.
Package marginnote Info: xpos seems to be \@mn@currxpos  on input line 8575.


[137]
Package marginnote Info: right page because not two side mode on input line 857
5.
Package marginnote Info: xpos seems to be \@mn@currxpos  on input line 8575.


[138]
Package marginnote Info: right page because not two side mode on input line 862
0.
Package marginnote Info: xpos seems to be \@mn@currxpos  on input line 8620.
Package marginnote Info: right page because not two side mode on input line 875
6.
Package marginnote Info: xpos seems to be \@mn@currxpos  on input line 8756.
Package marginnote Info: right page because not two side mode on input line 875
6.
Package marginnote Info: xpos seems to be \@mn@currxpos  on input line 8756.
Package marginnote Info: right page because not two side mode on input line 875
6.
Package marginnote Info: xpos seems to be \@mn@currxpos  on input line 8756.


[139]

[140]

[141]
Package marginnote Info: right page because not two side mode on input line 882
5.
Package marginnote Info: xpos seems to be \@mn@currxpos  on input line 8825.
Package marginnote Info: right page because not two side mode on input line 891
0.
Package marginnote Info: xpos seems to be \@mn@currxpos  on input line 8910.


[142]

[143]
Package marginnote Info: right page because not two side mode on input line 895
8.
Package marginnote Info: xpos seems to be \@mn@currxpos  on input line 8958.


[144]
Chapter XVII.
Package marginnote Info: right page because not two side mode on input line 901
1.
Package marginnote Info: xpos seems to be \@mn@currxpos  on input line 9011.
Package marginnote Info: right page because not two side mode on input line 901
1.
Package marginnote Info: xpos seems to be \@mn@currxpos  on input line 9011.


[145

]
Package marginnote Info: right page because not two side mode on input line 906
1.
Package marginnote Info: xpos seems to be \@mn@currxpos  on input line 9061.


[146]
Package marginnote Info: right page because not two side mode on input line 911
0.
Package marginnote Info: xpos seems to be \@mn@currxpos  on input line 9110.
Package marginnote Info: right page because not two side mode on input line 915
4.
Package marginnote Info: xpos seems to be \@mn@currxpos  on input line 9154.


[147]
Package marginnote Info: right page because not two side mode on input line 931
6.
Package marginnote Info: xpos seems to be \@mn@currxpos  on input line 9316.
Package marginnote Info: right page because not two side mode on input line 931
6.
Package marginnote Info: xpos seems to be \@mn@currxpos  on input line 9316.


[148]

[149]
Package marginnote Info: right page because not two side mode on input line 931
6.
Package marginnote Info: xpos seems to be \@mn@currxpos  on input line 9316.


[150]
Package marginnote Info: right page because not two side mode on input line 942
2.
Package marginnote Info: xpos seems to be \@mn@currxpos  on input line 9422.
Package marginnote Info: right page because not two side mode on input line 942
2.
Package marginnote Info: xpos seems to be \@mn@currxpos  on input line 9422.


[151]
Package marginnote Info: right page because not two side mode on input line 946
8.
Package marginnote Info: xpos seems to be \@mn@currxpos  on input line 9468.


[152]
Package marginnote Info: right page because not two side mode on input line 951
5.
Package marginnote Info: xpos seems to be \@mn@currxpos  on input line 9515.


[153]
Package marginnote Info: right page because not two side mode on input line 957
3.
Package marginnote Info: xpos seems to be \@mn@currxpos  on input line 9573.


[154]

[155]
Chapter XVIII.
Package marginnote Info: right page because not two side mode on input line 962
8.
Package marginnote Info: xpos seems to be \@mn@currxpos  on input line 9628.
Package marginnote Info: right page because not two side mode on input line 962
8.
Package marginnote Info: xpos seems to be \@mn@currxpos  on input line 9628.


[156

]
Package marginnote Info: right page because not two side mode on input line 968
5.
Package marginnote Info: xpos seems to be \@mn@currxpos  on input line 9685.


[157]
Package marginnote Info: right page because not two side mode on input line 976
8.
Package marginnote Info: xpos seems to be \@mn@currxpos  on input line 9768.
Package marginnote Info: right page because not two side mode on input line 976
8.
Package marginnote Info: xpos seems to be \@mn@currxpos  on input line 9768.


[158]
Package marginnote Info: right page because not two side mode on input line 981
9.
Package marginnote Info: xpos seems to be \@mn@currxpos  on input line 9819.


[159]
Package marginnote Info: right page because not two side mode on input line 985
7.
Package marginnote Info: xpos seems to be \@mn@currxpos  on input line 9857.


[160]
Package marginnote Info: right page because not two side mode on input line 991
5.
Package marginnote Info: xpos seems to be \@mn@currxpos  on input line 9915.
Package marginnote Info: right page because not two side mode on input line 995
7.
Package marginnote Info: xpos seems to be \@mn@currxpos  on input line 9957.


[161]

[162]
Package marginnote Info: right page because not two side mode on input line 100
66.
Package marginnote Info: xpos seems to be \@mn@currxpos  on input line 10066.
Package marginnote Info: right page because not two side mode on input line 100
66.
Package marginnote Info: xpos seems to be \@mn@currxpos  on input line 10066.


[163]
Package marginnote Info: right page because not two side mode on input line 101
11.
Package marginnote Info: xpos seems to be \@mn@currxpos  on input line 10111.
Package marginnote Info: right page because not two side mode on input line 101
40.
Package marginnote Info: xpos seems to be \@mn@currxpos  on input line 10140.


[164]

[165]
Package marginnote Info: right page because not two side mode on input line 101
46.
Package marginnote Info: xpos seems to be \@mn@currxpos  on input line 10146.
 [166


]
Package marginnote Info: right page because not two side mode on input line 102
43.
Package marginnote Info: xpos seems to be \@mn@currxpos  on input line 10243.
 [167] [168]

[169]
LaTeX Font Info:    Trying to load font information for OT1+jkpttosn on input l
ine 10383.

(C:\Users\Dell\AppData\Local\Programs\MiKTeX\tex/latex/kpfonts\ot1jkpttosn.fd
File: ot1jkpttosn.fd 2008/02/18 Fontinst v1.928 font definitions for OT1/jkptto
sn.
)
Package microtype Info: Loading generic protrusion settings for font family
(microtype)             `jkpttosn' (encoding: OT1).
(microtype)             For optimal results, create family-specific settings.
(microtype)             See the microtype manual for details.


LaTeX Warning: Reference `fn:example' on page 170 undefined on input line 10394
.


LaTeX Warning: Reference `fn:example' on page 170 undefined on input line 10394
.



[170


]

LaTeX Warning: Reference `page84display' on page 171 undefined on input line 10
399.


LaTeX Warning: Reference `fracchange17' on page 171 undefined on input line 104
01.


LaTeX Warning: Reference `fracchange26' on page 171 undefined on input line 104
01.


LaTeX Warning: Reference `parfraction1' on page 171 undefined on input line 104
01.


LaTeX Warning: Reference `parfraction2' on page 171 undefined on input line 104
01.


LaTeX Warning: Reference `change:pmyear' on page 171 undefined on input line 10
408.


LaTeX Warning: Reference `change:notless' on page 171 undefined on input line 1
0411.


LaTeX Warning: Reference `change:conversedomain' on page 171 undefined on input
 line 10416.


LaTeX Warning: Reference `change:ornor' on page 171 undefined on input line 104
20.


LaTeX Warning: Reference `change:deutschen' on page 171 undefined on input line
 10423.


LaTeX Warning: Reference `change:limitslimit' on page 171 undefined on input li
ne 10425.



[171]

LaTeX Warning: Reference `change:valuevalues' on page 172 undefined on input li
ne 10430.


LaTeX Warning: Reference `change:advantage' on page 172 undefined on input line
 10434.


LaTeX Warning: Reference `change:xz' on page 172 undefined on input line 10438.



LaTeX Warning: Reference `change:missingline' on page 172 undefined on input li
ne 10452.


LaTeX Warning: Reference `change:ygammas' on page 172 undefined on input line 1
0456.


LaTeX Warning: Reference `change:socrates' on page 172 undefined on input line 
10469.


LaTeX Warning: Reference `change:fnswapone' on page 172 undefined on input line
 10473.



[172]

LaTeX Warning: Reference `change:pfeifferphi' on page 173 undefined on input li
ne 10479.


LaTeX Warning: Reference `change:qm' on page 173 undefined on input line 10485.



LaTeX Warning: Reference `change:manmen' on page 173 undefined on input line 10
486.


LaTeX Warning: Reference `change:missingphi175' on page 173 undefined on input 
line 10489.


LaTeX Warning: Reference `change:firstmissingphi' on page 173 undefined on inpu
t line 10492.


LaTeX Warning: Reference `change:secondmissingphi' on page 173 undefined on inp
ut line 10500.


LaTeX Warning: Reference `change:frenchman' on page 173 undefined on input line
 10513.



[173]

LaTeX Warning: Reference `change:tau' on page 174 undefined on input line 10517
.


LaTeX Warning: Reference `change:numbersanumber' on page 174 undefined on input
 line 10518.


LaTeX Warning: Reference `change:betas' on page 174 undefined on input line 105
22.


Overfull \hbox (0.20203pt too wide) in paragraph at lines 10522--10523
\OT1/jkposn/m/n/12 (-20) function `if all $\OML/jkp/m/it/12 $\OT1/jkposn/m/n/1
2 (-20) 's are $\OML/jkp/m/it/12 ^^L$ \OT1/jkposn/m/n/12 (-20) and $\OML/jkp/m/
it/12 x$ \OT1/jkposn/m/n/12 (-20) is an $\OML/jkp/m/it/12 $\OT1/jkposn/m/n/12 
(-20) , then $\OML/jkp/m/it/12 x$ \OT1/jkposn/m/n/12 (-20) is a $\OML/jkp/m/it/
12 ^^L$\OT1/jkposn/m/n/12 (-20) ' is always true''
 []


LaTeX Warning: Reference `change:wordwords' on page 174 undefined on input line
 10523.


LaTeX Warning: Reference `change:fregeindex' on page 174 undefined on input lin
e 10526.


LaTeX Warning: Reference `minor:page53' on page 174 undefined on input line 105
34.


LaTeX Warning: Reference `change:minor53' on page 174 undefined on input line 1
0537.


LaTeX Warning: Reference `minor:page56' on page 174 undefined on input line 105
39.



[174]

LaTeX Warning: Reference `change:minor60' on page 175 undefined on input line 1
0542.


LaTeX Warning: Reference `minor:progression' on page 175 undefined on input lin
e 10544.


LaTeX Warning: Reference `minor:115' on page 175 undefined on input line 10545.



LaTeX Warning: Reference `change:minor121' on page 175 undefined on input line 
10546.


LaTeX Warning: Reference `change:wellordered' on page 175 undefined on input li
ne 10550.


LaTeX Warning: Reference `change:minor131' on page 175 undefined on input line 
10552.


LaTeX Warning: Reference `change:minor137' on page 175 undefined on input line 
10559.


LaTeX Warning: Reference `change:minor159' on page 175 undefined on input line 
10561.


LaTeX Warning: Reference `minor:waverley' on page 175 undefined on input line 1
0562.


LaTeX Warning: Reference `change:minor185' on page 175 undefined on input line 
10563.


LaTeX Warning: Reference `minor:italicsocrates' on page 175 undefined on input 
line 10568.


LaTeX Warning: Reference `change:minor205' on page 175 undefined on input line 
10573.



[175]

LaTeX Warning: Reference `minor:208' on page 176 undefined on input line 10577.


LaTeX Font Info:    Font shape `U/ccicons/m/n' will be
(Font)              scaled to size 24.88pt on input line 10588.

Overfull \hbox (6.02802pt too wide) in paragraph at lines 10599--10600
\U/ccicons/m/n/24.88 ^^@^^A^^B \OT1/jkposn/m/n/12 (-20) This type-set-ting (in-
clud-ing L[]T[]X code) and list of changes
 []



[176] (imp.aux)
 ***********
LaTeX2e <2024-11-01> patch level 1
L3 programming layer <2024-11-02>
 ***********


LaTeX Warning: There were undefined references.


LaTeX Warning: Label(s) may have changed. Rerun to get cross-references right.


Package rerunfilecheck Warning: File `imp.out' has changed.
(rerunfilecheck)                Rerun to get outlines right
(rerunfilecheck)                or use package `bookmark'.

Package rerunfilecheck Info: Checksums for `imp.out':
(rerunfilecheck)             Before: <no file>
(rerunfilecheck)             After:  9C155D12E85E163907A0C001DD17BE57;4275.
 ) ) 
Here is how much of TeX's memory you used:
 26729 strings out of 473649
 470525 string characters out of 5718395
 856222 words of memory out of 5000000
 48030 multiletter control sequences out of 15000+600000
 695308 words of font info for 774 fonts, out of 8000000 for 9000
 1141 hyphenation exceptions out of 8191
 102i,13n,107p,1019b,982s stack positions out of 10000i,1000n,20000p,200000b,200000s
<C:/Users/Dell/AppData/Local/Programs/MiKTeX/fonts/type1/public/ccicons/cci
cons.pfb><C:/Users/Dell/AppData/Local/Programs/MiKTeX/fonts/type1/public/kpfont
s/jkpbn8a.pfb><C:/Users/Dell/AppData/Local/Programs/MiKTeX/fonts/type1/public/k
pfonts/jkpbnc.pfb><C:/Users/Dell/AppData/Local/Programs/MiKTeX/fonts/type1/publ
ic/kpfonts/jkpmi.pfb><C:/Users/Dell/AppData/Local/Programs/MiKTeX/fonts/type1/p
ublic/kpfonts/jkpmit8a.pfb><C:/Users/Dell/AppData/Local/Programs/MiKTeX/fonts/t
ype1/public/kpfonts/jkpmite.pfb><C:/Users/Dell/AppData/Local/Programs/MiKTeX/fo
nts/type1/public/kpfonts/jkpmn8a.pfb><C:/Users/Dell/AppData/Local/Programs/MiKT
eX/fonts/type1/public/kpfonts/jkpmnc.pfb><C:/Users/Dell/AppData/Local/Programs/
MiKTeX/fonts/type1/public/kpfonts/jkpmne.pfb><C:/Users/Dell/AppData/Local/Progr
ams/MiKTeX/fonts/type1/public/kpfonts/jkpmsc8a.pfb><C:/Users/Dell/AppData/Local
/Programs/MiKTeX/fonts/type1/public/kpfonts/jkpsy.pfb><C:/Users/Dell/AppData/Lo
cal/Programs/MiKTeX/fonts/type1/public/kpfonts/jkpttmn8a.pfb><C:/Users/Dell/App
Data/Local/Programs/MiKTeX/fonts/type1/public/kpfonts/jkpttmnc.pfb>
Output written on imp.pdf (182 pages, 850690 bytes).
PDF statistics:
 1658 PDF objects out of 1728 (max. 8388607)
 523 named destinations out of 1000 (max. 500000)
 154125 words of extra memory for PDF output out of 184870 (max. 10000000)

